\BOOKMARK [0][-]{chapter*.2}{\376\377\000L\000i\000s\000t\000\040\000o\000f\000\040\000T\000a\000b\000l\000e\000s}{}% 1
\BOOKMARK [0][-]{chapter*.3}{\376\377\000L\000i\000s\000t\000\040\000o\000f\000\040\000F\000i\000g\000u\000r\000e\000s}{}% 2
\BOOKMARK [0][-]{chapter*.4}{\376\377\000P\000r\000e\000f\000a\000c\000e}{}% 3
\BOOKMARK [0][-]{chapter*.5}{\376\377\000A\000c\000k\000n\000o\000w\000l\000e\000d\000g\000e\000m\000e\000n\000t\000s}{}% 4
\BOOKMARK [0][-]{chapter.1}{\376\377\000I\000n\000t\000r\000o\000d\000u\000c\000t\000i\000o\000n}{}% 5
\BOOKMARK [1][-]{section.1.1}{\376\377\000D\000i\000s\000t\000r\000i\000b\000u\000t\000i\000o\000n\000a\000l\000\040\000S\000e\000m\000a\000n\000t\000i\000c\000s\000\040\000a\000n\000d\000\040\000C\000o\000m\000p\000u\000t\000a\000t\000i\000o\000n\000a\000l\000\040\000L\000i\000n\000g\000u\000i\000s\000t\000i\000c\000s}{chapter.1}% 6
\BOOKMARK [1][-]{section.1.2}{\376\377\000D\000i\000s\000t\000r\000i\000b\000u\000t\000i\000o\000n\000a\000l\000\040\000S\000e\000m\000a\000n\000t\000i\000c\000s\000\040\000a\000n\000d\000\040\000C\000o\000g\000n\000i\000t\000i\000v\000e\000\040\000S\000e\000m\000a\000n\000t\000i\000c\000s}{chapter.1}% 7
\BOOKMARK [1][-]{section.1.3}{\376\377\000V\000i\000s\000u\000a\000l\000\040\000a\000n\000a\000l\000y\000t\000i\000c\000s}{chapter.1}% 8
\BOOKMARK [1][-]{section.1.4}{\376\377\000N\000e\000p\000h\000o\000l\000o\000g\000i\000c\000a\000l\000\040\000S\000e\000m\000a\000n\000t\000i\000c\000s}{chapter.1}% 9
\BOOKMARK [1][-]{section.1.5}{\376\377\000S\000t\000r\000u\000c\000t\000u\000r\000e\000\040\000o\000f\000\040\000t\000h\000e\000\040\000d\000i\000s\000s\000e\000r\000t\000a\000t\000i\000o\000n}{chapter.1}% 10
\BOOKMARK [-1][-]{part.1}{\376\377\000I\000\040\000T\000h\000e\000\040\000c\000l\000o\000u\000d\000s\000p\000o\000t\000t\000e\000r\000'\000s\000\040\000t\000o\000o\000l\000k\000i\000t}{}% 11
\BOOKMARK [0][-]{chapter.2}{\376\377\000F\000r\000o\000m\000\040\000c\000o\000r\000p\000o\000r\000a\000\040\000t\000o\000\040\000c\000l\000o\000u\000d\000s}{part.1}% 12
\BOOKMARK [1][-]{section.2.1}{\376\377\000A\000\040\000c\000l\000o\000u\000d\000\040\000m\000a\000c\000h\000i\000n\000e}{chapter.2}% 13
\BOOKMARK [1][-]{section.2.2}{\376\377\000T\000h\000e\000\040\000c\000h\000e\000m\000i\000s\000t\000r\000y\000\040\000o\000f\000\040\000c\000l\000o\000u\000d\000\040\000m\000a\000k\000i\000n\000g}{chapter.2}% 14
\BOOKMARK [1][-]{section.2.3}{\376\377\000M\000a\000k\000i\000n\000g\000\040\000i\000t\000\040\000y\000o\000u\000r\000\040\000o\000w\000n\000:\000\040\000p\000a\000r\000a\000m\000e\000t\000e\000r\000\040\000s\000e\000t\000t\000i\000n\000g\000s}{chapter.2}% 15
\BOOKMARK [1][-]{section.2.4}{\376\377\000T\000h\000e\000\040\000c\000h\000o\000s\000e\000n\000\040\000o\000n\000e\000s\000:\000\040\000P\000A\000M}{chapter.2}% 16
\BOOKMARK [1][-]{section.2.5}{\376\377\000S\000u\000m\000m\000a\000r\000y}{chapter.2}% 17
\BOOKMARK [0][-]{chapter.3}{\376\377\000V\000i\000s\000u\000a\000l\000i\000z\000a\000t\000i\000o\000n\000\040\000t\000o\000o\000l\000s}{part.1}% 18
\BOOKMARK [1][-]{section.3.1}{\376\377\000F\000l\000y\000i\000n\000g\000\040\000t\000h\000r\000o\000u\000g\000h\000\040\000t\000h\000e\000\040\000c\000l\000o\000u\000d\000s}{chapter.3}% 19
\BOOKMARK [1][-]{section.3.2}{\376\377\000L\000e\000v\000e\000l\000\040\0001}{chapter.3}% 20
\BOOKMARK [1][-]{section.3.3}{\376\377\000L\000e\000v\000e\000l\000\040\0002}{chapter.3}% 21
\BOOKMARK [1][-]{section.3.4}{\376\377\000L\000e\000v\000e\000l\000\040\0003}{chapter.3}% 22
\BOOKMARK [1][-]{section.3.5}{\376\377\000S\000h\000i\000n\000y\000A\000p\000p}{chapter.3}% 23
\BOOKMARK [1][-]{section.3.6}{\376\377\000S\000u\000m\000m\000a\000r\000y}{chapter.3}% 24
\BOOKMARK [0][-]{chapter.4}{\376\377\000C\000a\000s\000e\000\040\000s\000t\000u\000d\000i\000e\000s}{part.1}% 25
\BOOKMARK [1][-]{section.4.1}{\376\377\000T\000h\000e\000\040\000l\000e\000m\000m\000a\000s}{chapter.4}% 26
\BOOKMARK [1][-]{section.4.2}{\376\377\000T\000h\000e\000\040\000d\000a\000t\000a\000s\000e\000t}{chapter.4}% 27
\BOOKMARK [1][-]{section.4.3}{\376\377\000S\000u\000m\000m\000a\000r\000y}{chapter.4}% 28
\BOOKMARK [-1][-]{part.2}{\376\377\000I\000I\000\040\000T\000h\000e\000\040\000c\000l\000o\000u\000d\000s\000p\000o\000t\000t\000e\000r\000'\000s\000\040\000h\000a\000n\000d\000b\000o\000o\000k}{}% 29
\BOOKMARK [0][-]{chapter.5}{\376\377\000A\000\040\000c\000l\000o\000u\000d\000\040\000a\000t\000l\000a\000s}{part.2}% 30
\BOOKMARK [1][-]{section.5.1}{\376\377\000R\000a\000t\000i\000o\000n\000a\000l\000e\000\040\000o\000f\000\040\000t\000h\000e\000\040\000c\000l\000a\000s\000s\000i\000f\000i\000c\000a\000t\000i\000o\000n}{chapter.5}% 31
\BOOKMARK [1][-]{section.5.2}{\376\377\000T\000y\000p\000e\000s\000\040\000o\000f\000\040\000c\000l\000o\000u\000d\000s}{chapter.5}% 32
\BOOKMARK [1][-]{section.5.3}{\376\377\000P\000a\000t\000t\000e\000r\000n\000s\000\040\000a\000c\000r\000o\000s\000s\000\040\000t\000y\000p\000e\000s\000\040\000o\000f\000\040\000c\000l\000o\000u\000d\000s}{chapter.5}% 33
\BOOKMARK [1][-]{section.5.4}{\376\377\000S\000u\000m\000m\000a\000r\000y}{chapter.5}% 34
\BOOKMARK [0][-]{chapter.6}{\376\377\000T\000h\000e\000\040\000l\000a\000n\000g\000u\000a\000g\000e\000\040\000o\000f\000\040\000c\000l\000o\000u\000d\000s}{part.2}% 35
\BOOKMARK [1][-]{section.6.1}{\376\377\000T\000y\000p\000e\000s\000\040\000o\000f\000\040\000i\000n\000f\000o\000r\000m\000a\000t\000i\000o\000n}{chapter.6}% 36
\BOOKMARK [1][-]{section.6.2}{\376\377\000C\000o\000l\000l\000o\000c\000a\000t\000i\000o\000n}{chapter.6}% 37
\BOOKMARK [1][-]{section.6.3}{\376\377\000L\000e\000x\000i\000c\000a\000l\000l\000y\000\040\000i\000n\000s\000t\000a\000n\000t\000i\000a\000t\000e\000d\000\040\000c\000o\000l\000l\000i\000g\000a\000t\000i\000o\000n}{chapter.6}% 38
\BOOKMARK [1][-]{section.6.4}{\376\377\000S\000e\000m\000a\000n\000t\000i\000c\000\040\000p\000r\000e\000f\000e\000r\000e\000n\000c\000e}{chapter.6}% 39
\BOOKMARK [1][-]{section.6.5}{\376\377\000N\000e\000a\000r\000-\000o\000p\000e\000n\000\040\000c\000h\000o\000i\000c\000e}{chapter.6}% 40
\BOOKMARK [1][-]{section.6.6}{\376\377\000S\000u\000m\000m\000a\000r\000y}{chapter.6}% 41
\BOOKMARK [0][-]{chapter.7}{\376\377\000N\000o\000\040\000s\000k\000y\000\040\000i\000s\000\040\000t\000h\000e\000\040\000b\000e\000s\000t\000\040\000s\000k\000y}{part.2}% 42
\BOOKMARK [1][-]{section.7.1}{\376\377\000A\000\040\000p\000i\000l\000e\000\040\000o\000f\000\040\000d\000u\000s\000t}{chapter.7}% 43
\BOOKMARK [1][-]{section.7.2}{\376\377\000W\000e\000a\000t\000h\000e\000r\000\040\000f\000o\000r\000e\000c\000a\000s\000t\000\040\000g\000o\000n\000e\000\040\000c\000r\000a\000z\000y}{chapter.7}% 44
\BOOKMARK [1][-]{section.7.3}{\376\377\000S\000u\000m\000m\000a\000r\000y}{chapter.7}% 45
\BOOKMARK [-1][-]{part.3}{\376\377\000I\000I\000I\000\040\000T\000h\000e\000\040\000c\000l\000o\000u\000d\000s\000p\000o\000t\000t\000e\000r\000'\000s\000\040\000c\000h\000e\000a\000t\000s\000h\000e\000e\000t}{}% 46
\BOOKMARK [0][-]{chapter.8}{\376\377\000C\000o\000n\000c\000l\000u\000s\000i\000o\000n\000s\000\040\000a\000n\000d\000\040\000g\000u\000i\000d\000e\000l\000i\000n\000e\000s}{part.3}% 47
\BOOKMARK [1][-]{section.8.1}{\376\377\000T\000y\000p\000e\000s\000,\000\040\000t\000o\000k\000e\000n\000s\000\040\000a\000n\000d\000\040\000c\000l\000o\000u\000d\000s}{chapter.8}% 48
\BOOKMARK [1][-]{section.8.2}{\376\377\000P\000r\000a\000c\000t\000i\000c\000a\000l\000\040\000t\000i\000p\000s}{chapter.8}% 49
\BOOKMARK [1][-]{section.8.3}{\376\377\000T\000o\000\040\000t\000h\000e\000\040\000s\000k\000y\000\040\000a\000n\000d\000\040\000b\000e\000y\000o\000n\000d}{chapter.8}% 50
\BOOKMARK [1][-]{section.8.4}{\376\377\000S\000u\000m\000m\000i\000n\000g\000\040\000u\000p}{chapter.8}% 51
\BOOKMARK [0][-]{chapter*.6}{\376\377\000B\000i\000b\000l\000i\000o\000g\000r\000a\000p\000h\000y}{part.3}% 52
