This is XeTeX, Version 3.141592653-2.6-0.999993 (TeX Live 2021/W32TeX) (preloaded format=xelatex 2021.7.5)  7 JUL 2021 15:56
entering extended mode
 restricted \write18 enabled.
 %&-line parsing enabled.
**phdThesis.tex
(./phdThesis.tex
LaTeX2e <2021-06-01> patch level 1
L3 programming layer <2021-06-18> (c:/Users/u0118974/AppData/Roaming/TinyTeX/te
xmf-dist/tex/latex/base/book.cls
Document Class: book 2021/02/12 v1.4n Standard LaTeX document class
(c:/Users/u0118974/AppData/Roaming/TinyTeX/texmf-dist/tex/latex/base/bk10.clo
File: bk10.clo 2021/02/12 v1.4n Standard LaTeX file (size option)
)
\c@part=\count178
\c@chapter=\count179
\c@section=\count180
\c@subsection=\count181
\c@subsubsection=\count182
\c@paragraph=\count183
\c@subparagraph=\count184
\c@figure=\count185
\c@table=\count186
\abovecaptionskip=\skip47
\belowcaptionskip=\skip48
\bibindent=\dimen138
) (c:/Users/u0118974/AppData/Roaming/TinyTeX/texmf-dist/tex/latex/lm/lmodern.st
y
Package: lmodern 2015/05/01 v1.6.1 Latin Modern Fonts
LaTeX Font Info:    Overwriting symbol font `operators' in version `normal'
(Font)                  OT1/cmr/m/n --> OT1/lmr/m/n on input line 22.
LaTeX Font Info:    Overwriting symbol font `letters' in version `normal'
(Font)                  OML/cmm/m/it --> OML/lmm/m/it on input line 23.
LaTeX Font Info:    Overwriting symbol font `symbols' in version `normal'
(Font)                  OMS/cmsy/m/n --> OMS/lmsy/m/n on input line 24.
LaTeX Font Info:    Overwriting symbol font `largesymbols' in version `normal'
(Font)                  OMX/cmex/m/n --> OMX/lmex/m/n on input line 25.
LaTeX Font Info:    Overwriting symbol font `operators' in version `bold'
(Font)                  OT1/cmr/bx/n --> OT1/lmr/bx/n on input line 26.
LaTeX Font Info:    Overwriting symbol font `letters' in version `bold'
(Font)                  OML/cmm/b/it --> OML/lmm/b/it on input line 27.
LaTeX Font Info:    Overwriting symbol font `symbols' in version `bold'
(Font)                  OMS/cmsy/b/n --> OMS/lmsy/b/n on input line 28.
LaTeX Font Info:    Overwriting symbol font `largesymbols' in version `bold'
(Font)                  OMX/cmex/m/n --> OMX/lmex/m/n on input line 29.
LaTeX Font Info:    Overwriting math alphabet `\mathbf' in version `normal'
(Font)                  OT1/cmr/bx/n --> OT1/lmr/bx/n on input line 31.
LaTeX Font Info:    Overwriting math alphabet `\mathsf' in version `normal'
(Font)                  OT1/cmss/m/n --> OT1/lmss/m/n on input line 32.
LaTeX Font Info:    Overwriting math alphabet `\mathit' in version `normal'
(Font)                  OT1/cmr/m/it --> OT1/lmr/m/it on input line 33.
LaTeX Font Info:    Overwriting math alphabet `\mathtt' in version `normal'
(Font)                  OT1/cmtt/m/n --> OT1/lmtt/m/n on input line 34.
LaTeX Font Info:    Overwriting math alphabet `\mathbf' in version `bold'
(Font)                  OT1/cmr/bx/n --> OT1/lmr/bx/n on input line 35.
LaTeX Font Info:    Overwriting math alphabet `\mathsf' in version `bold'
(Font)                  OT1/cmss/bx/n --> OT1/lmss/bx/n on input line 36.
LaTeX Font Info:    Overwriting math alphabet `\mathit' in version `bold'
(Font)                  OT1/cmr/bx/it --> OT1/lmr/bx/it on input line 37.
LaTeX Font Info:    Overwriting math alphabet `\mathtt' in version `bold'
(Font)                  OT1/cmtt/m/n --> OT1/lmtt/m/n on input line 38.
)
(c:/Users/u0118974/AppData/Roaming/TinyTeX/texmf-dist/tex/latex/amsmath/amsmath
.sty
Package: amsmath 2021/04/20 v2.17j AMS math features
\@mathmargin=\skip49
For additional information on amsmath, use the `?' option.

(c:/Users/u0118974/AppData/Roaming/TinyTeX/texmf-dist/tex/latex/amsmath/amstext
.sty
Package: amstext 2000/06/29 v2.01 AMS text

(c:/Users/u0118974/AppData/Roaming/TinyTeX/texmf-dist/tex/latex/amsmath/amsgen.
sty
File: amsgen.sty 1999/11/30 v2.0 generic functions
\@emptytoks=\toks16
\ex@=\dimen139
))
(c:/Users/u0118974/AppData/Roaming/TinyTeX/texmf-dist/tex/latex/amsmath/amsbsy.
sty
Package: amsbsy 1999/11/29 v1.2d Bold Symbols
\pmbraise@=\dimen140
)
(c:/Users/u0118974/AppData/Roaming/TinyTeX/texmf-dist/tex/latex/amsmath/amsopn.
sty
Package: amsopn 2016/03/08 v2.02 operator names
)
\inf@bad=\count187
LaTeX Info: Redefining \frac on input line 234.
\uproot@=\count188
\leftroot@=\count189
LaTeX Info: Redefining \overline on input line 399.
\classnum@=\count190
\DOTSCASE@=\count191
LaTeX Info: Redefining \ldots on input line 496.
LaTeX Info: Redefining \dots on input line 499.
LaTeX Info: Redefining \cdots on input line 620.
\Mathstrutbox@=\box50
\strutbox@=\box51
\big@size=\dimen141
LaTeX Font Info:    Redeclaring font encoding OML on input line 743.
LaTeX Font Info:    Redeclaring font encoding OMS on input line 744.
\macc@depth=\count192
\c@MaxMatrixCols=\count193
\dotsspace@=\muskip16
\c@parentequation=\count194
\dspbrk@lvl=\count195
\tag@help=\toks17
\row@=\count196
\column@=\count197
\maxfields@=\count198
\andhelp@=\toks18
\eqnshift@=\dimen142
\alignsep@=\dimen143
\tagshift@=\dimen144
\tagwidth@=\dimen145
\totwidth@=\dimen146
\lineht@=\dimen147
\@envbody=\toks19
\multlinegap=\skip50
\multlinetaggap=\skip51
\mathdisplay@stack=\toks20
LaTeX Info: Redefining \[ on input line 2923.
LaTeX Info: Redefining \] on input line 2924.
)
(c:/Users/u0118974/AppData/Roaming/TinyTeX/texmf-dist/tex/generic/iftex/ifxetex
.sty
Package: ifxetex 2019/10/25 v0.7 ifxetex legacy package. Use iftex instead.

(c:/Users/u0118974/AppData/Roaming/TinyTeX/texmf-dist/tex/generic/iftex/iftex.s
ty
Package: iftex 2020/03/06 v1.0d TeX engine tests
))
(c:/Users/u0118974/AppData/Roaming/TinyTeX/texmf-dist/tex/generic/iftex/ifluate
x.sty
Package: ifluatex 2019/10/25 v1.5 ifluatex legacy package. Use iftex instead.
)
(c:/Users/u0118974/AppData/Roaming/TinyTeX/texmf-dist/tex/latex/unicode-math/un
icode-math.sty
(c:/Users/u0118974/AppData/Roaming/TinyTeX/texmf-dist/tex/latex/l3kernel/expl3.
sty
Package: expl3 2021-06-18 L3 programming layer (loader) 

(c:/Users/u0118974/AppData/Roaming/TinyTeX/texmf-dist/tex/latex/l3backend/l3bac
kend-xetex.def
File: l3backend-xetex.def 2021-05-07 L3 backend support: XeTeX
(|extractbb --version)
\c__kernel_sys_dvipdfmx_version_int=\count199
\l__color_backend_stack_int=\count266
\g__color_backend_stack_int=\count267
\g__graphics_track_int=\count268
\l__pdf_internal_box=\box52
\g__pdf_backend_object_int=\count269
\g__pdf_backend_annotation_int=\count270
\g__pdf_backend_link_int=\count271
))
Package: unicode-math 2020/01/31 v0.8q Unicode maths in XeLaTeX and LuaLaTeX

(c:/Users/u0118974/AppData/Roaming/TinyTeX/texmf-dist/tex/latex/unicode-math/un
icode-math-xetex.sty
Package: unicode-math-xetex 2020/01/31 v0.8q Unicode maths in XeLaTeX and LuaLa
TeX

(c:/Users/u0118974/AppData/Roaming/TinyTeX/texmf-dist/tex/latex/l3packages/xpar
se/xparse.sty
Package: xparse 2021-06-18 L3 Experimental document command parser
)
(c:/Users/u0118974/AppData/Roaming/TinyTeX/texmf-dist/tex/latex/l3packages/l3ke
ys2e/l3keys2e.sty
Package: l3keys2e 2021-06-18 LaTeX2e option processing using LaTeX3 keys
)
(c:/Users/u0118974/AppData/Roaming/TinyTeX/texmf-dist/tex/latex/fontspec/fontsp
ec.sty
Package: fontspec 2020/02/21 v2.7i Font selection for XeLaTeX and LuaLaTeX

(c:/Users/u0118974/AppData/Roaming/TinyTeX/texmf-dist/tex/latex/fontspec/fontsp
ec-xetex.sty
Package: fontspec-xetex 2020/02/21 v2.7i Font selection for XeLaTeX and LuaLaTe
X
\l__fontspec_script_int=\count272
\l__fontspec_language_int=\count273
\l__fontspec_strnum_int=\count274
\l__fontspec_tmp_int=\count275
\l__fontspec_tmpa_int=\count276
\l__fontspec_tmpb_int=\count277
\l__fontspec_tmpc_int=\count278
\l__fontspec_em_int=\count279
\l__fontspec_emdef_int=\count280
\l__fontspec_strong_int=\count281
\l__fontspec_strongdef_int=\count282
\l__fontspec_tmpa_dim=\dimen148
\l__fontspec_tmpb_dim=\dimen149
\l__fontspec_tmpc_dim=\dimen150

(c:/Users/u0118974/AppData/Roaming/TinyTeX/texmf-dist/tex/latex/base/fontenc.st
y
Package: fontenc 2021/04/29 v2.0v Standard LaTeX package
)
(c:/Users/u0118974/AppData/Roaming/TinyTeX/texmf-dist/tex/latex/fontspec/fontsp
ec.cfg)))
(c:/Users/u0118974/AppData/Roaming/TinyTeX/texmf-dist/tex/latex/base/fix-cm.sty
Package: fix-cm 2020/11/24 v1.1t fixes to LaTeX

(c:/Users/u0118974/AppData/Roaming/TinyTeX/texmf-dist/tex/latex/base/ts1enc.def
File: ts1enc.def 2001/06/05 v3.0e (jk/car/fm) Standard LaTeX file
LaTeX Font Info:    Redeclaring font encoding TS1 on input line 47.
))
\g__um_fam_int=\count283
\g__um_fonts_used_int=\count284
\l__um_primecount_int=\count285
\g__um_primekern_muskip=\muskip17

(c:/Users/u0118974/AppData/Roaming/TinyTeX/texmf-dist/tex/latex/unicode-math/un
icode-math-table.tex)))
(c:/Users/u0118974/AppData/Roaming/TinyTeX/texmf-dist/tex/latex/microtype/micro
type.sty
Package: microtype 2021/03/14 v2.8c Micro-typographical refinements (RS)

(c:/Users/u0118974/AppData/Roaming/TinyTeX/texmf-dist/tex/latex/graphics/keyval
.sty
Package: keyval 2014/10/28 v1.15 key=value parser (DPC)
\KV@toks@=\toks21
)
\MT@toks=\toks22
\MT@count=\count286
LaTeX Info: Redefining \textls on input line 790.
\MT@outer@kern=\dimen151
LaTeX Info: Redefining \textmicrotypecontext on input line 1374.
\MT@listname@count=\count287

(c:/Users/u0118974/AppData/Roaming/TinyTeX/texmf-dist/tex/latex/microtype/micro
type-xetex.def
File: microtype-xetex.def 2021/03/14 v2.8c Definitions specific to xetex (RS)
LaTeX Info: Redefining \lsstyle on input line 254.
)
Package microtype Info: Loading configuration file microtype.cfg.

(c:/Users/u0118974/AppData/Roaming/TinyTeX/texmf-dist/tex/latex/microtype/micro
type.cfg
File: microtype.cfg 2021/03/14 v2.8c microtype main configuration file (RS)
))
(c:/Users/u0118974/AppData/Roaming/TinyTeX/texmf-dist/tex/latex/xcolor/xcolor.s
ty
Package: xcolor 2016/05/11 v2.12 LaTeX color extensions (UK)

(c:/Users/u0118974/AppData/Roaming/TinyTeX/texmf-dist/tex/latex/graphics-cfg/co
lor.cfg
File: color.cfg 2016/01/02 v1.6 sample color configuration
)
Package xcolor Info: Driver file: xetex.def on input line 225.

(c:/Users/u0118974/AppData/Roaming/TinyTeX/texmf-dist/tex/latex/graphics-def/xe
tex.def
File: xetex.def 2021/03/18 v5.0k Graphics/color driver for xetex
)
Package xcolor Info: Model `cmy' substituted by `cmy0' on input line 1348.
Package xcolor Info: Model `RGB' extended on input line 1364.
Package xcolor Info: Model `HTML' substituted by `rgb' on input line 1366.
Package xcolor Info: Model `Hsb' substituted by `hsb' on input line 1367.
Package xcolor Info: Model `tHsb' substituted by `hsb' on input line 1368.
Package xcolor Info: Model `HSB' substituted by `hsb' on input line 1369.
Package xcolor Info: Model `Gray' substituted by `gray' on input line 1370.
Package xcolor Info: Model `wave' substituted by `hsb' on input line 1371.
)
(c:/Users/u0118974/AppData/Roaming/TinyTeX/texmf-dist/tex/latex/hyperref/hyperr
ef.sty
Package: hyperref 2021-06-07 v7.00m Hypertext links for LaTeX

(c:/Users/u0118974/AppData/Roaming/TinyTeX/texmf-dist/tex/generic/ltxcmds/ltxcm
ds.sty
Package: ltxcmds 2020-05-10 v1.25 LaTeX kernel commands for general use (HO)
)
(c:/Users/u0118974/AppData/Roaming/TinyTeX/texmf-dist/tex/generic/pdftexcmds/pd
ftexcmds.sty
Package: pdftexcmds 2020-06-27 v0.33 Utility functions of pdfTeX for LuaTeX (HO
)

(c:/Users/u0118974/AppData/Roaming/TinyTeX/texmf-dist/tex/generic/infwarerr/inf
warerr.sty
Package: infwarerr 2019/12/03 v1.5 Providing info/warning/error messages (HO)
)
Package pdftexcmds Info: \pdf@primitive is available.
Package pdftexcmds Info: \pdf@ifprimitive is available.
Package pdftexcmds Info: \pdfdraftmode not found.
)
(c:/Users/u0118974/AppData/Roaming/TinyTeX/texmf-dist/tex/generic/kvsetkeys/kvs
etkeys.sty
Package: kvsetkeys 2019/12/15 v1.18 Key value parser (HO)
)
(c:/Users/u0118974/AppData/Roaming/TinyTeX/texmf-dist/tex/generic/kvdefinekeys/
kvdefinekeys.sty
Package: kvdefinekeys 2019-12-19 v1.6 Define keys (HO)
)
(c:/Users/u0118974/AppData/Roaming/TinyTeX/texmf-dist/tex/generic/pdfescape/pdf
escape.sty
Package: pdfescape 2019/12/09 v1.15 Implements pdfTeX's escape features (HO)
)
(c:/Users/u0118974/AppData/Roaming/TinyTeX/texmf-dist/tex/latex/hycolor/hycolor
.sty
Package: hycolor 2020-01-27 v1.10 Color options for hyperref/bookmark (HO)
)
(c:/Users/u0118974/AppData/Roaming/TinyTeX/texmf-dist/tex/latex/letltxmacro/let
ltxmacro.sty
Package: letltxmacro 2019/12/03 v1.6 Let assignment for LaTeX macros (HO)
)
(c:/Users/u0118974/AppData/Roaming/TinyTeX/texmf-dist/tex/latex/auxhook/auxhook
.sty
Package: auxhook 2019-12-17 v1.6 Hooks for auxiliary files (HO)
)
(c:/Users/u0118974/AppData/Roaming/TinyTeX/texmf-dist/tex/latex/kvoptions/kvopt
ions.sty
Package: kvoptions 2020-10-07 v3.14 Key value format for package options (HO)
)
\@linkdim=\dimen152
\Hy@linkcounter=\count288
\Hy@pagecounter=\count289

(c:/Users/u0118974/AppData/Roaming/TinyTeX/texmf-dist/tex/latex/hyperref/pd1enc
.def
File: pd1enc.def 2021-06-07 v7.00m Hyperref: PDFDocEncoding definition (HO)
)
(c:/Users/u0118974/AppData/Roaming/TinyTeX/texmf-dist/tex/latex/hyperref/hyperr
ef-langpatches.def
File: hyperref-langpatches.def 2021-06-07 v7.00m Hyperref: patches for babel la
nguages
)
(c:/Users/u0118974/AppData/Roaming/TinyTeX/texmf-dist/tex/generic/intcalc/intca
lc.sty
Package: intcalc 2019/12/15 v1.3 Expandable calculations with integers (HO)
)
(c:/Users/u0118974/AppData/Roaming/TinyTeX/texmf-dist/tex/generic/etexcmds/etex
cmds.sty
Package: etexcmds 2019/12/15 v1.7 Avoid name clashes with e-TeX commands (HO)
)
\Hy@SavedSpaceFactor=\count290

(c:/Users/u0118974/AppData/Roaming/TinyTeX/texmf-dist/tex/latex/hyperref/puenc.
def
File: puenc.def 2021-06-07 v7.00m Hyperref: PDF Unicode definition (HO)
)
Package hyperref Info: Option `unicode' set `true' on input line 4073.
Package hyperref Info: Hyper figures OFF on input line 4192.
Package hyperref Info: Link nesting OFF on input line 4197.
Package hyperref Info: Hyper index ON on input line 4200.
Package hyperref Info: Plain pages OFF on input line 4207.
Package hyperref Info: Backreferencing OFF on input line 4212.
Package hyperref Info: Implicit mode ON; LaTeX internals redefined.
Package hyperref Info: Bookmarks ON on input line 4445.
\c@Hy@tempcnt=\count291
(c:/Users/u0118974/AppData/Roaming/TinyTeX/texmf-dist/tex/latex/url/url.sty
\Urlmuskip=\muskip18
Package: url 2013/09/16  ver 3.4  Verb mode for urls, etc.
)
LaTeX Info: Redefining \url on input line 4804.
\XeTeXLinkMargin=\dimen153

(c:/Users/u0118974/AppData/Roaming/TinyTeX/texmf-dist/tex/generic/bitset/bitset
.sty
Package: bitset 2019/12/09 v1.3 Handle bit-vector datatype (HO)

(c:/Users/u0118974/AppData/Roaming/TinyTeX/texmf-dist/tex/generic/bigintcalc/bi
gintcalc.sty
Package: bigintcalc 2019/12/15 v1.5 Expandable calculations on big integers (HO
)
))
\Fld@menulength=\count292
\Field@Width=\dimen154
\Fld@charsize=\dimen155
Package hyperref Info: Hyper figures OFF on input line 6076.
Package hyperref Info: Link nesting OFF on input line 6081.
Package hyperref Info: Hyper index ON on input line 6084.
Package hyperref Info: backreferencing OFF on input line 6091.
Package hyperref Info: Link coloring OFF on input line 6096.
Package hyperref Info: Link coloring with OCG OFF on input line 6101.
Package hyperref Info: PDF/A mode OFF on input line 6106.
LaTeX Info: Redefining \ref on input line 6146.
LaTeX Info: Redefining \pageref on input line 6150.

(c:/Users/u0118974/AppData/Roaming/TinyTeX/texmf-dist/tex/latex/base/atbegshi-l
tx.sty
Package: atbegshi-ltx 2021/01/10 v1.0c Emulation of the original atbegshi
package with kernel methods
)
\Hy@abspage=\count293
\c@Item=\count294
\c@Hfootnote=\count295
)
Package hyperref Info: Driver (autodetected): hxetex.

(c:/Users/u0118974/AppData/Roaming/TinyTeX/texmf-dist/tex/latex/hyperref/hxetex
.def
File: hxetex.def 2021-06-07 v7.00m Hyperref driver for XeTeX

(c:/Users/u0118974/AppData/Roaming/TinyTeX/texmf-dist/tex/generic/stringenc/str
ingenc.sty
Package: stringenc 2019/11/29 v1.12 Convert strings between diff. encodings (HO
)
)
\pdfm@box=\box53
\c@Hy@AnnotLevel=\count296
\HyField@AnnotCount=\count297
\Fld@listcount=\count298
\c@bookmark@seq@number=\count299

(c:/Users/u0118974/AppData/Roaming/TinyTeX/texmf-dist/tex/latex/rerunfilecheck/
rerunfilecheck.sty
Package: rerunfilecheck 2019/12/05 v1.9 Rerun checks for auxiliary files (HO)

(c:/Users/u0118974/AppData/Roaming/TinyTeX/texmf-dist/tex/latex/base/atveryend-
ltx.sty
Package: atveryend-ltx 2020/08/19 v1.0a Emulation of the original atvery packag
e
with kernel methods
)
(c:/Users/u0118974/AppData/Roaming/TinyTeX/texmf-dist/tex/generic/uniquecounter
/uniquecounter.sty
Package: uniquecounter 2019/12/15 v1.4 Provide unlimited unique counter (HO)
)
Package uniquecounter Info: New unique counter `rerunfilecheck' on input line 2
86.
)
\Hy@SectionHShift=\skip52
)
(c:/Users/u0118974/AppData/Roaming/TinyTeX/texmf-dist/tex/latex/fancyvrb/fancyv
rb.sty
Package: fancyvrb 2021/01/20 v3.7 verbatim text (tvz,hv)
\FV@CodeLineNo=\count300
\FV@InFile=\read2
\FV@TabBox=\box54
\c@FancyVerbLine=\count301
\FV@StepNumber=\count302
\FV@OutFile=\write3
)
(c:/Users/u0118974/AppData/Roaming/TinyTeX/texmf-dist/tex/latex/framed/framed.s
ty
Package: framed 2011/10/22 v 0.96: framed or shaded text with page breaks
\OuterFrameSep=\skip53
\fb@frw=\dimen156
\fb@frh=\dimen157
\FrameRule=\dimen158
\FrameSep=\dimen159
)
(c:/Users/u0118974/AppData/Roaming/TinyTeX/texmf-dist/tex/latex/tools/longtable
.sty
Package: longtable 2021-05-07 v4.16 Multi-page Table package (DPC)
\LTleft=\skip54
\LTright=\skip55
\LTpre=\skip56
\LTpost=\skip57
\LTchunksize=\count303
\LTcapwidth=\dimen160
\LT@head=\box55
\LT@firsthead=\box56
\LT@foot=\box57
\LT@lastfoot=\box58
\LT@gbox=\box59
\LT@cols=\count304
\LT@rows=\count305
\c@LT@tables=\count306
\c@LT@chunks=\count307
\LT@p@ftn=\toks23
)
(c:/Users/u0118974/AppData/Roaming/TinyTeX/texmf-dist/tex/latex/booktabs/bookta
bs.sty
Package: booktabs 2020/01/12 v1.61803398 Publication quality tables
\heavyrulewidth=\dimen161
\lightrulewidth=\dimen162
\cmidrulewidth=\dimen163
\belowrulesep=\dimen164
\belowbottomsep=\dimen165
\aboverulesep=\dimen166
\abovetopsep=\dimen167
\cmidrulesep=\dimen168
\cmidrulekern=\dimen169
\defaultaddspace=\dimen170
\@cmidla=\count308
\@cmidlb=\count309
\@aboverulesep=\dimen171
\@belowrulesep=\dimen172
\@thisruleclass=\count310
\@lastruleclass=\count311
\@thisrulewidth=\dimen173
) (c:/Users/u0118974/AppData/Roaming/TinyTeX/texmf-dist/tex/latex/tools/calc.st
y
Package: calc 2017/05/25 v4.3 Infix arithmetic (KKT,FJ)
\calc@Acount=\count312
\calc@Bcount=\count313
\calc@Adimen=\dimen174
\calc@Bdimen=\dimen175
\calc@Askip=\skip58
\calc@Bskip=\skip59
LaTeX Info: Redefining \setlength on input line 80.
LaTeX Info: Redefining \addtolength on input line 81.
\calc@Ccount=\count314
\calc@Cskip=\skip60
)
(c:/Users/u0118974/AppData/Roaming/TinyTeX/texmf-dist/tex/latex/etoolbox/etoolb
ox.sty
Package: etoolbox 2020/10/05 v2.5k e-TeX tools for LaTeX (JAW)
\etb@tempcnta=\count315
)
(c:/Users/u0118974/AppData/Roaming/TinyTeX/texmf-dist/tex/latex/mdwtools/footno
te.sty
Package: footnote 1997/01/28 1.13 Save footnotes around boxes
\fn@notes=\box60
\fn@width=\dimen176
)
(c:/Users/u0118974/AppData/Roaming/TinyTeX/texmf-dist/tex/latex/graphics/graphi
cx.sty
Package: graphicx 2020/12/05 v1.2c Enhanced LaTeX Graphics (DPC,SPQR)

(c:/Users/u0118974/AppData/Roaming/TinyTeX/texmf-dist/tex/latex/graphics/graphi
cs.sty
Package: graphics 2021/03/04 v1.4d Standard LaTeX Graphics (DPC,SPQR)

(c:/Users/u0118974/AppData/Roaming/TinyTeX/texmf-dist/tex/latex/graphics/trig.s
ty
Package: trig 2016/01/03 v1.10 sin cos tan (DPC)
)
(c:/Users/u0118974/AppData/Roaming/TinyTeX/texmf-dist/tex/latex/graphics-cfg/gr
aphics.cfg
File: graphics.cfg 2016/06/04 v1.11 sample graphics configuration
)
Package graphics Info: Driver file: xetex.def on input line 107.
)
\Gin@req@height=\dimen177
\Gin@req@width=\dimen178
)
(c:/Users/u0118974/AppData/Roaming/TinyTeX/texmf-dist/tex/latex/tools/array.sty
Package: array 2021/04/20 v2.5e Tabular extension package (FMi)
\col@sep=\dimen179
\ar@mcellbox=\box61
\extrarowheight=\dimen180
\NC@list=\toks24
\extratabsurround=\skip61
\backup@length=\skip62
\ar@cellbox=\box62
)
(c:/Users/u0118974/AppData/Roaming/TinyTeX/texmf-dist/tex/latex/multirow/multir
ow.sty
Package: multirow 2021/03/15 v2.8 Span multiple rows of a table
\multirow@colwidth=\skip63
\multirow@cntb=\count316
\multirow@dima=\skip64
\bigstrutjot=\dimen181
)
(c:/Users/u0118974/AppData/Roaming/TinyTeX/texmf-dist/tex/latex/wrapfig/wrapfig
.sty
\wrapoverhang=\dimen182
\WF@size=\dimen183
\c@WF@wrappedlines=\count317
\WF@box=\box63
\WF@everypar=\toks25
Package: wrapfig 2003/01/31  v 3.6
)
(c:/Users/u0118974/AppData/Roaming/TinyTeX/texmf-dist/tex/latex/float/float.sty
Package: float 2001/11/08 v1.3d Float enhancements (AL)
\c@float@type=\count318
\float@exts=\toks26
\float@box=\box64
\@float@everytoks=\toks27
\@floatcapt=\box65
)
(c:/Users/u0118974/AppData/Roaming/TinyTeX/texmf-dist/tex/latex/colortbl/colort
bl.sty
Package: colortbl 2020/01/04 v1.0e Color table columns (DPC)
\everycr=\toks28
\minrowclearance=\skip65
)
(c:/Users/u0118974/AppData/Roaming/TinyTeX/texmf-dist/tex/latex/pdflscape/pdfls
cape.sty
Package: pdflscape 2019/12/05 v0.12 Display of landscape pages in PDF (HO)

(c:/Users/u0118974/AppData/Roaming/TinyTeX/texmf-dist/tex/latex/graphics/lscape
.sty
Package: lscape 2020/05/28 v3.02 Landscape Pages (DPC)
)
Package pdflscape Info: Auto-detected driver: dvipdfm (xetex) on input line 98.

) (c:/Users/u0118974/AppData/Roaming/TinyTeX/texmf-dist/tex/latex/tabu/tabu.sty
Package: tabu 2019/01/11 v2.9 - flexible LaTeX tabulars (FC+tabu-fixed)

(c:/Users/u0118974/AppData/Roaming/TinyTeX/texmf-dist/tex/latex/varwidth/varwid
th.sty
Package: varwidth 2009/03/30 ver 0.92;  Variable-width minipages
\@vwid@box=\box66
\sift@deathcycles=\count319
\@vwid@loff=\dimen184
\@vwid@roff=\dimen185
)
\c@taburow=\count320
\tabu@nbcols=\count321
\tabu@cnt=\count322
\tabu@Xcol=\count323
\tabu@alloc=\count324
\tabu@nested=\count325
\tabu@target=\dimen186
\tabu@spreadtarget=\dimen187
\tabu@naturalX=\dimen188
\tabucolX=\dimen189
\tabu@Xsum=\dimen190
\extrarowdepth=\dimen191
\abovetabulinesep=\dimen192
\belowtabulinesep=\dimen193
\tabustrutrule=\dimen194
\tabu@thebody=\toks29
\tabu@footnotes=\toks30
\tabu@box=\box67
\tabu@arstrutbox=\box68
\tabu@hleads=\box69
\tabu@vleads=\box70
\tabu@cellskip=\skip66
)
(c:/Users/u0118974/AppData/Roaming/TinyTeX/texmf-dist/tex/latex/threeparttable/
threeparttable.sty
Package: threeparttable 2003/06/13  v 3.0
\@tempboxb=\box71
)
(c:/Users/u0118974/AppData/Roaming/TinyTeX/texmf-dist/tex/latex/threeparttablex
/threeparttablex.sty
Package: threeparttablex 2013/07/23 v0.3 by daleif

(c:/Users/u0118974/AppData/Roaming/TinyTeX/texmf-dist/tex/latex/environ/environ
.sty
Package: environ 2014/05/04 v0.3 A new way to define environments

(c:/Users/u0118974/AppData/Roaming/TinyTeX/texmf-dist/tex/latex/trimspaces/trim
spaces.sty
Package: trimspaces 2009/09/17 v1.1 Trim spaces around a token list
))
\TPTL@width=\skip67
)
(c:/Users/u0118974/AppData/Roaming/TinyTeX/texmf-dist/tex/generic/ulem/ulem.sty
\UL@box=\box72
\UL@hyphenbox=\box73
\UL@skip=\skip68
\UL@hook=\toks31
\UL@height=\dimen195
\UL@pe=\count326
\UL@pixel=\dimen196
\ULC@box=\box74
Package: ulem 2019/11/18
\ULdepth=\dimen197
)
(c:/Users/u0118974/AppData/Roaming/TinyTeX/texmf-dist/tex/latex/makecell/makece
ll.sty
Package: makecell 2009/08/03 V0.1e Managing of Tab Column Heads and Cells
\rotheadsize=\dimen198
\c@nlinenum=\count327
\TeXr@lab=\toks32
)
(c:/Users/u0118974/AppData/Roaming/TinyTeX/texmf-dist/tex/latex/tools/multicol.
sty
Package: multicol 2019/12/09 v1.8y multicolumn formatting (FMi)
\c@tracingmulticols=\count328
\mult@box=\box75
\multicol@leftmargin=\dimen199
\c@unbalance=\count329
\c@collectmore=\count330
\doublecol@number=\count331
\multicoltolerance=\count332
\multicolpretolerance=\count333
\full@width=\dimen256
\page@free=\dimen257
\premulticols=\dimen258
\postmulticols=\dimen259
\multicolsep=\skip69
\multicolbaselineskip=\skip70
\partial@page=\box76
\last@line=\box77
\maxbalancingoverflow=\dimen260
\mult@rightbox=\box78
\mult@grightbox=\box79
\mult@gfirstbox=\box80
\mult@firstbox=\box81
\@tempa=\box82
\@tempa=\box83
\@tempa=\box84
\@tempa=\box85
\@tempa=\box86
\@tempa=\box87
\@tempa=\box88
\@tempa=\box89
\@tempa=\box90
\@tempa=\box91
\@tempa=\box92
\@tempa=\box93
\@tempa=\box94
\@tempa=\box95
\@tempa=\box96
\@tempa=\box97
\@tempa=\box98
\@tempa=\box99
\@tempa=\box100
\@tempa=\box101
\@tempa=\box102
\@tempa=\box103
\@tempa=\box104
\@tempa=\box105
\@tempa=\box106
\@tempa=\box107
\@tempa=\box108
\@tempa=\box109
\@tempa=\box110
\@tempa=\box111
\@tempa=\box112
\@tempa=\box113
\@tempa=\box114
\@tempa=\box115
\@tempa=\box116
\@tempa=\box117
\@tempa=\box118
\c@minrows=\count334
\c@columnbadness=\count335
\c@finalcolumnbadness=\count336
\last@try=\dimen261
\multicolovershoot=\dimen262
\multicolundershoot=\dimen263
\mult@nat@firstbox=\box119
\colbreak@box=\box120
\mc@col@check@num=\count337
)
(c:/Users/u0118974/AppData/Roaming/TinyTeX/texmf-dist/tex/latex/tools/hhline.st
y
Package: hhline 2020/01/04 v2.04 Table rule package (DPC)
)
(c:/Users/u0118974/AppData/Roaming/TinyTeX/texmf-dist/tex/latex/biblatex/biblat
ex.sty
Package: biblatex 2020/12/31 v3.16 programmable bibliographies (PK/MW)

(c:/Users/u0118974/AppData/Roaming/TinyTeX/texmf-dist/tex/latex/logreq/logreq.s
ty
Package: logreq 2010/08/04 v1.0 xml request logger
\lrq@indent=\count338

(c:/Users/u0118974/AppData/Roaming/TinyTeX/texmf-dist/tex/latex/logreq/logreq.d
ef
File: logreq.def 2010/08/04 v1.0 logreq spec v1.0
))
(c:/Users/u0118974/AppData/Roaming/TinyTeX/texmf-dist/tex/latex/base/ifthen.sty
Package: ifthen 2020/11/24 v1.1c Standard LaTeX ifthen package (DPC)
)
\c@tabx@nest=\count339
\c@listtotal=\count340
\c@listcount=\count341
\c@liststart=\count342
\c@liststop=\count343
\c@citecount=\count344
\c@citetotal=\count345
\c@multicitecount=\count346
\c@multicitetotal=\count347
\c@instcount=\count348
\c@maxnames=\count349
\c@minnames=\count350
\c@maxitems=\count351
\c@minitems=\count352
\c@citecounter=\count353
\c@maxcitecounter=\count354
\c@savedcitecounter=\count355
\c@uniquelist=\count356
\c@uniquename=\count357
\c@refsection=\count358
\c@refsegment=\count359
\c@maxextratitle=\count360
\c@maxextratitleyear=\count361
\c@maxextraname=\count362
\c@maxextradate=\count363
\c@maxextraalpha=\count364
\c@abbrvpenalty=\count365
\c@highnamepenalty=\count366
\c@lownamepenalty=\count367
\c@maxparens=\count368
\c@parenlevel=\count369
\blx@tempcnta=\count370
\blx@tempcntb=\count371
\blx@tempcntc=\count372
\blx@maxsection=\count373
\blx@maxsegment@0=\count374
\blx@notetype=\count375
\blx@parenlevel@text=\count376
\blx@parenlevel@foot=\count377
\blx@sectionciteorder@0=\count378
\blx@entrysetcounter=\count379
\blx@biblioinstance=\count380
\labelnumberwidth=\skip71
\labelalphawidth=\skip72
\biblabelsep=\skip73
\bibitemsep=\skip74
\bibnamesep=\skip75
\bibinitsep=\skip76
\bibparsep=\skip77
\bibhang=\skip78
\blx@bcfin=\read3
\blx@bcfout=\write4
\blx@langwohyphens=\language3
\c@mincomprange=\count381
\c@maxcomprange=\count382
\c@mincompwidth=\count383
Package biblatex Info: Trying to load biblatex default data model...
Package biblatex Info: ... file 'blx-dm.def' found.

(c:/Users/u0118974/AppData/Roaming/TinyTeX/texmf-dist/tex/latex/biblatex/blx-dm
.def
File: blx-dm.def 2020/12/31 v3.16 biblatex localization (PK/MW)
)
Package biblatex Info: Trying to load biblatex style data model...
Package biblatex Info: ... file 'apa.dbx' found.

(c:/Users/u0118974/AppData/Roaming/TinyTeX/texmf-dist/tex/latex/biblatex-apa/ap
a.dbx
File: apa.dbx 2020/08/28 v9.14 APA biblatex style data model
)
Package biblatex Info: Trying to load biblatex custom data model...
Package biblatex Info: ... file 'biblatex-dm.cfg' not found.
\c@afterword=\count384
\c@savedafterword=\count385
\c@annotator=\count386
\c@savedannotator=\count387
\c@author=\count388
\c@savedauthor=\count389
\c@bookauthor=\count390
\c@savedbookauthor=\count391
\c@commentator=\count392
\c@savedcommentator=\count393
\c@editor=\count394
\c@savededitor=\count395
\c@editora=\count396
\c@savededitora=\count397
\c@editorb=\count398
\c@savededitorb=\count399
\c@editorc=\count400
\c@savededitorc=\count401
\c@foreword=\count402
\c@savedforeword=\count403
\c@holder=\count404
\c@savedholder=\count405
\c@introduction=\count406
\c@savedintroduction=\count407
\c@namea=\count408
\c@savednamea=\count409
\c@nameb=\count410
\c@savednameb=\count411
\c@namec=\count412
\c@savednamec=\count413
\c@translator=\count414
\c@savedtranslator=\count415
\c@shortauthor=\count416
\c@savedshortauthor=\count417
\c@shorteditor=\count418
\c@savedshorteditor=\count419
\c@groupauthor=\count420
\c@savedgroupauthor=\count421
\c@narrator=\count422
\c@savednarrator=\count423
\c@execproducer=\count424
\c@savedexecproducer=\count425
\c@execdirector=\count426
\c@savedexecdirector=\count427
\c@with=\count428
\c@savedwith=\count429
\c@labelname=\count430
\c@savedlabelname=\count431
\c@institution=\count432
\c@savedinstitution=\count433
\c@lista=\count434
\c@savedlista=\count435
\c@listb=\count436
\c@savedlistb=\count437
\c@listc=\count438
\c@savedlistc=\count439
\c@listd=\count440
\c@savedlistd=\count441
\c@liste=\count442
\c@savedliste=\count443
\c@listf=\count444
\c@savedlistf=\count445
\c@location=\count446
\c@savedlocation=\count447
\c@organization=\count448
\c@savedorganization=\count449
\c@origlocation=\count450
\c@savedoriglocation=\count451
\c@origpublisher=\count452
\c@savedorigpublisher=\count453
\c@publisher=\count454
\c@savedpublisher=\count455
\c@language=\count456
\c@savedlanguage=\count457
\c@origlanguage=\count458
\c@savedoriglanguage=\count459
\c@citation=\count460
\c@savedcitation=\count461
\c@pageref=\count462
\c@savedpageref=\count463
\shorthandwidth=\skip79
\shortjournalwidth=\skip80
\shortserieswidth=\skip81
\shorttitlewidth=\skip82
\shortauthorwidth=\skip83
\shorteditorwidth=\skip84
\locallabelnumberwidth=\skip85
\locallabelalphawidth=\skip86
\localshorthandwidth=\skip87
\localshortjournalwidth=\skip88
\localshortserieswidth=\skip89
\localshorttitlewidth=\skip90
\localshortauthorwidth=\skip91
\localshorteditorwidth=\skip92
Package biblatex Info: Trying to load enhanced support for Unicode engines...
Package biblatex Info: ... file 'blx-unicode.def' found.

(c:/Users/u0118974/AppData/Roaming/TinyTeX/texmf-dist/tex/latex/biblatex/blx-un
icode.def)
Package biblatex Info: Trying to load compatibility code...
Package biblatex Info: ... file 'blx-compat.def' found.

(c:/Users/u0118974/AppData/Roaming/TinyTeX/texmf-dist/tex/latex/biblatex/blx-co
mpat.def
File: blx-compat.def 2020/12/31 v3.16 biblatex compatibility (PK/MW)
)
Package biblatex Info: Trying to load generic definitions...
Package biblatex Info: ... file 'biblatex.def' found.

(c:/Users/u0118974/AppData/Roaming/TinyTeX/texmf-dist/tex/latex/biblatex/biblat
ex.def
File: biblatex.def 2020/12/31 v3.16 biblatex compatibility (PK/MW)
\c@textcitecount=\count464
\c@textcitetotal=\count465
\c@textcitemaxnames=\count466
\c@biburlbigbreakpenalty=\count467
\c@biburlbreakpenalty=\count468
\c@biburlnumpenalty=\count469
\c@biburlucpenalty=\count470
\c@biburllcpenalty=\count471
\biburlbigskip=\muskip19
\biburlnumskip=\muskip20
\biburlucskip=\muskip21
\biburllcskip=\muskip22
\c@smartand=\count472
)
Package biblatex Info: Trying to load bibliography style 'apa'...
Package biblatex Info: ... file 'apa.bbx' found.

(c:/Users/u0118974/AppData/Roaming/TinyTeX/texmf-dist/tex/latex/biblatex-apa/ap
a.bbx
File: apa.bbx 2020/08/28 v9.14 APA biblatex references style
Package biblatex Info: Trying to load bibliography style 'standard'...
Package biblatex Info: ... file 'standard.bbx' found.

(c:/Users/u0118974/AppData/Roaming/TinyTeX/texmf-dist/tex/latex/biblatex/bbx/st
andard.bbx
File: standard.bbx 2020/12/31 v3.16 biblatex bibliography style (PK/MW)
\c@bbx:relatedcount=\count473
\c@bbx:relatedtotal=\count474
))
Package biblatex Info: Trying to load citation style 'apa'...
Package biblatex Info: ... file 'apa.cbx' found.

(c:/Users/u0118974/AppData/Roaming/TinyTeX/texmf-dist/tex/latex/biblatex-apa/ap
a.cbx
File: apa.cbx 2020/08/28 v9.14 APA biblatex citation style
Package biblatex Info: Delimiter 'nameyeardelim' in context '' already defined,
 overwriting.
Package biblatex Info: Delimiter 'nameyeardelim' in context 'textcite' already 
defined, overwriting.
Package biblatex Info: Delimiter 'andothersdelim' in context '' already defined
, overwriting.
Package biblatex Info: Redefining '\fullcite'.
Package biblatex Info: Redefining '\citeauthor'.
Package biblatex Info: Redefining '\citeyear'.
Package biblatex Info: Redefining '\cite'.
Package biblatex Info: Redefining '\cites'.
Package biblatex Info: Redefining '\parencite'.
Package biblatex Info: Redefining '\parencites'.
Package biblatex Info: Redefining '\footcite'.
Package biblatex Info: Redefining '\footcites'.
Package biblatex Info: Redefining '\footcitetext'.
Package biblatex Info: Redefining '\footcitetexts'.
Package biblatex Info: Redefining '\smartcite'.
Package biblatex Info: Redefining '\smartcites'.
Package biblatex Info: Redefining '\textcite'.
Package biblatex Info: Redefining '\textcites'.
)
Package biblatex Info: Trying to load configuration file...
Package biblatex Info: ... file 'biblatex.cfg' found.

(c:/Users/u0118974/AppData/Roaming/TinyTeX/texmf-dist/tex/latex/biblatex/biblat
ex.cfg
File: biblatex.cfg 
))
\cslhangindent=\skip93
\csllabelwidth=\skip94
\@quotelevel=\count475
\@quotereset=\count476
No file phdThesis.aux.
\openout1 = `phdThesis.aux'.

LaTeX Font Info:    Checking defaults for OML/cmm/m/it on input line 162.
LaTeX Font Info:    ... okay on input line 162.
LaTeX Font Info:    Checking defaults for OMS/cmsy/m/n on input line 162.
LaTeX Font Info:    ... okay on input line 162.
LaTeX Font Info:    Checking defaults for OT1/cmr/m/n on input line 162.
LaTeX Font Info:    ... okay on input line 162.
LaTeX Font Info:    Checking defaults for T1/cmr/m/n on input line 162.
LaTeX Font Info:    ... okay on input line 162.
LaTeX Font Info:    Checking defaults for TS1/cmr/m/n on input line 162.
LaTeX Font Info:    ... okay on input line 162.
LaTeX Font Info:    Checking defaults for TU/lmr/m/n on input line 162.
LaTeX Font Info:    ... okay on input line 162.
LaTeX Font Info:    Checking defaults for OMX/cmex/m/n on input line 162.
LaTeX Font Info:    ... okay on input line 162.
LaTeX Font Info:    Checking defaults for U/cmr/m/n on input line 162.
LaTeX Font Info:    ... okay on input line 162.
LaTeX Font Info:    Checking defaults for PD1/pdf/m/n on input line 162.
LaTeX Font Info:    ... okay on input line 162.
LaTeX Font Info:    Checking defaults for PU/pdf/m/n on input line 162.
LaTeX Font Info:    ... okay on input line 162.
LaTeX Font Info:    Overwriting math alphabet `\mathrm' in version `normal'
(Font)                  OT1/lmr/m/n --> TU/lmr/m/n on input line 162.
LaTeX Font Info:    Overwriting math alphabet `\mathit' in version `normal'
(Font)                  OT1/lmr/m/it --> TU/lmr/m/it on input line 162.
LaTeX Font Info:    Overwriting math alphabet `\mathbf' in version `normal'
(Font)                  OT1/lmr/bx/n --> TU/lmr/bx/n on input line 162.
LaTeX Font Info:    Overwriting math alphabet `\mathsf' in version `normal'
(Font)                  OT1/lmss/m/n --> TU/lmss/m/n on input line 162.
LaTeX Font Info:    Overwriting math alphabet `\mathsf' in version `bold'
(Font)                  OT1/lmss/bx/n --> TU/lmss/bx/n on input line 162.
LaTeX Font Info:    Overwriting math alphabet `\mathtt' in version `normal'
(Font)                  OT1/lmtt/m/n --> TU/lmtt/m/n on input line 162.
LaTeX Font Info:    Overwriting math alphabet `\mathtt' in version `bold'
(Font)                  OT1/lmtt/m/n --> TU/lmtt/bx/n on input line 162.

Package fontspec Info: latinmodern-math scale = 0.9999964596882403.


Package fontspec Info: latinmodern-math scale = 0.9999964596882403.


Package fontspec Info: latinmodern-math scale = 0.9999964596882403.


Package fontspec Info: Font family 'latinmodern-math.otf(0)' created for font
(fontspec)             'latinmodern-math.otf' with options
(fontspec)             [Scale=MatchLowercase,BoldItalicFont={},ItalicFont={},Sm
allCapsFont={},Script=Math,BoldFont={latinmodern-math.otf}].
(fontspec)              
(fontspec)              This font family consists of the following NFSS
(fontspec)             series/shapes:
(fontspec)              
(fontspec)             - 'normal' (m/n) with NFSS spec.:
(fontspec)             <->s*[0.9999964596882403]"[latinmodern-math.otf]/OT:scri
pt=math;language=dflt;"
(fontspec)             - 'small caps'  (m/sc) with NFSS spec.: 
(fontspec)             - 'bold' (b/n) with NFSS spec.:
(fontspec)             <->s*[0.9999964596882403]"[latinmodern-math.otf]/OT:scri
pt=math;language=dflt;"
(fontspec)             - 'bold small caps'  (b/sc) with NFSS spec.: 

LaTeX Font Info:    Font shape `TU/latinmodern-math.otf(0)/m/n' will be
(Font)              scaled to size 10.0pt on input line 162.

Package fontspec Info: latinmodern-math scale = 0.9999964596882403.


Package fontspec Info: latinmodern-math scale = 0.9999964596882403.


Package fontspec Info: latinmodern-math scale = 0.9999964596882403.


Package fontspec Info: latinmodern-math scale = 0.9999964596882403.


Package fontspec Info: latinmodern-math scale = 0.9999964596882403.


Package fontspec Info: Font family 'latinmodern-math.otf(1)' created for font
(fontspec)             'latinmodern-math.otf' with options
(fontspec)             [Scale=MatchLowercase,BoldItalicFont={},ItalicFont={},Sm
allCapsFont={},Script=Math,SizeFeatures={{Size=8.5-},{Size=6-8.5,Font=latinmode
rn-math.otf,Style=MathScript},{Size=-6,Font=latinmodern-math.otf,Style=MathScri
ptScript}},BoldFont={latinmodern-math.otf}].
(fontspec)              
(fontspec)              This font family consists of the following NFSS
(fontspec)             series/shapes:
(fontspec)              
(fontspec)             - 'normal' (m/n) with NFSS spec.:
(fontspec)             <8.5->s*[0.9999964596882403]"[latinmodern-math.otf]/OT:s
cript=math;language=dflt;"<6-8.5>s*[0.9999964596882403]"[latinmodern-math.otf]/
OT:script=math;language=dflt;+ssty=0;"<-6>s*[0.9999964596882403]"[latinmodern-m
ath.otf]/OT:script=math;language=dflt;+ssty=1;"
(fontspec)             - 'small caps'  (m/sc) with NFSS spec.: 
(fontspec)             - 'bold' (b/n) with NFSS spec.:
(fontspec)             <->s*[0.9999964596882403]"[latinmodern-math.otf]/OT:scri
pt=math;language=dflt;"
(fontspec)             - 'bold small caps'  (b/sc) with NFSS spec.: 

LaTeX Font Info:    Font shape `TU/latinmodern-math.otf(1)/m/n' will be
(Font)              scaled to size 10.0pt on input line 162.
LaTeX Font Info:    Encoding `OT1' has changed to `TU' for symbol font
(Font)              `operators' in the math version `normal' on input line 162.

LaTeX Font Info:    Overwriting symbol font `operators' in version `normal'
(Font)                  OT1/lmr/m/n --> TU/latinmodern-math.otf(1)/m/n on input
 line 162.
LaTeX Font Info:    Encoding `OT1' has changed to `TU' for symbol font
(Font)              `operators' in the math version `bold' on input line 162.
LaTeX Font Info:    Overwriting symbol font `operators' in version `bold'
(Font)                  OT1/lmr/bx/n --> TU/latinmodern-math.otf(1)/b/n on inpu
t line 162.

Package fontspec Info: latinmodern-math scale = 0.9999964596882403.


Package fontspec Info: latinmodern-math scale = 1.000096459334209.


Package fontspec Info: latinmodern-math scale = 0.9999964596882403.


Package fontspec Info: latinmodern-math scale = 1.000096459334209.


Package fontspec Info: latinmodern-math scale = 0.9999964596882403.


Package fontspec Info: latinmodern-math scale = 1.000096459334209.


Package fontspec Info: latinmodern-math scale = 0.9999964596882403.


Package fontspec Info: latinmodern-math scale = 1.000096459334209.


Package fontspec Info: latinmodern-math scale = 0.9999964596882403.


Package fontspec Info: latinmodern-math scale = 1.000096459334209.


Package fontspec Info: Font family 'latinmodern-math.otf(2)' created for font
(fontspec)             'latinmodern-math.otf' with options
(fontspec)             [Scale=MatchLowercase,BoldItalicFont={},ItalicFont={},Sm
allCapsFont={},Script=Math,SizeFeatures={{Size=8.5-},{Size=6-8.5,Font=latinmode
rn-math.otf,Style=MathScript},{Size=-6,Font=latinmodern-math.otf,Style=MathScri
ptScript}},BoldFont={latinmodern-math.otf},ScaleAgain=1.0001,FontAdjustment={\f
ontdimen
(fontspec)             8\font =6.77pt\relax \fontdimen 9\font =3.94pt\relax
(fontspec)             \fontdimen 10\font =4.44pt\relax \fontdimen 11\font
(fontspec)             =6.86pt\relax \fontdimen 12\font =3.45pt\relax
(fontspec)             \fontdimen 13\font =3.63pt\relax \fontdimen 14\font
(fontspec)             =3.63pt\relax \fontdimen 15\font =2.89pt\relax
(fontspec)             \fontdimen 16\font =2.47pt\relax \fontdimen 17\font
(fontspec)             =2.47pt\relax \fontdimen 18\font =2.5pt\relax
(fontspec)             \fontdimen 19\font =2.0pt\relax \fontdimen 22\font
(fontspec)             =2.5pt\relax \fontdimen 20\font =0pt\relax \fontdimen
(fontspec)             21\font =0pt\relax }].
(fontspec)              
(fontspec)              This font family consists of the following NFSS
(fontspec)             series/shapes:
(fontspec)              
(fontspec)             - 'normal' (m/n) with NFSS spec.:
(fontspec)             <8.5->s*[1.000096459334209]"[latinmodern-math.otf]/OT:sc
ript=math;language=dflt;"<6-8.5>s*[1.000096459334209]"[latinmodern-math.otf]/OT
:script=math;language=dflt;+ssty=0;"<-6>s*[1.000096459334209]"[latinmodern-math
.otf]/OT:script=math;language=dflt;+ssty=1;"
(fontspec)             - 'small caps'  (m/sc) with NFSS spec.: 
(fontspec)             and font adjustment code:
(fontspec)             \fontdimen 8\font =6.77pt\relax \fontdimen 9\font
(fontspec)             =3.94pt\relax \fontdimen 10\font =4.44pt\relax
(fontspec)             \fontdimen 11\font =6.86pt\relax \fontdimen 12\font
(fontspec)             =3.45pt\relax \fontdimen 13\font =3.63pt\relax
(fontspec)             \fontdimen 14\font =3.63pt\relax \fontdimen 15\font
(fontspec)             =2.89pt\relax \fontdimen 16\font =2.47pt\relax
(fontspec)             \fontdimen 17\font =2.47pt\relax \fontdimen 18\font
(fontspec)             =2.5pt\relax \fontdimen 19\font =2.0pt\relax \fontdimen
(fontspec)             22\font =2.5pt\relax \fontdimen 20\font =0pt\relax
(fontspec)             \fontdimen 21\font =0pt\relax 
(fontspec)             - 'bold' (b/n) with NFSS spec.:
(fontspec)             <->s*[1.000096459334209]"[latinmodern-math.otf]/OT:scrip
t=math;language=dflt;"
(fontspec)             - 'bold small caps'  (b/sc) with NFSS spec.: 
(fontspec)             and font adjustment code:
(fontspec)             \fontdimen 8\font =6.77pt\relax \fontdimen 9\font
(fontspec)             =3.94pt\relax \fontdimen 10\font =4.44pt\relax
(fontspec)             \fontdimen 11\font =6.86pt\relax \fontdimen 12\font
(fontspec)             =3.45pt\relax \fontdimen 13\font =3.63pt\relax
(fontspec)             \fontdimen 14\font =3.63pt\relax \fontdimen 15\font
(fontspec)             =2.89pt\relax \fontdimen 16\font =2.47pt\relax
(fontspec)             \fontdimen 17\font =2.47pt\relax \fontdimen 18\font
(fontspec)             =2.5pt\relax \fontdimen 19\font =2.0pt\relax \fontdimen
(fontspec)             22\font =2.5pt\relax \fontdimen 20\font =0pt\relax
(fontspec)             \fontdimen 21\font =0pt\relax 

LaTeX Font Info:    Encoding `OMS' has changed to `TU' for symbol font
(Font)              `symbols' in the math version `normal' on input line 162.
LaTeX Font Info:    Overwriting symbol font `symbols' in version `normal'
(Font)                  OMS/lmsy/m/n --> TU/latinmodern-math.otf(2)/m/n on inpu
t line 162.
LaTeX Font Info:    Encoding `OMS' has changed to `TU' for symbol font
(Font)              `symbols' in the math version `bold' on input line 162.
LaTeX Font Info:    Overwriting symbol font `symbols' in version `bold'
(Font)                  OMS/lmsy/b/n --> TU/latinmodern-math.otf(2)/b/n on inpu
t line 162.

Package fontspec Info: latinmodern-math scale = 0.9999964596882403.


Package fontspec Info: latinmodern-math scale = 0.9998964600422715.


Package fontspec Info: latinmodern-math scale = 0.9999964596882403.


Package fontspec Info: latinmodern-math scale = 0.9998964600422715.


Package fontspec Info: latinmodern-math scale = 0.9999964596882403.


Package fontspec Info: latinmodern-math scale = 0.9998964600422715.


Package fontspec Info: latinmodern-math scale = 0.9999964596882403.


Package fontspec Info: latinmodern-math scale = 0.9998964600422715.


Package fontspec Info: latinmodern-math scale = 0.9999964596882403.


Package fontspec Info: latinmodern-math scale = 0.9998964600422715.


Package fontspec Info: Font family 'latinmodern-math.otf(3)' created for font
(fontspec)             'latinmodern-math.otf' with options
(fontspec)             [Scale=MatchLowercase,BoldItalicFont={},ItalicFont={},Sm
allCapsFont={},Script=Math,SizeFeatures={{Size=8.5-},{Size=6-8.5,Font=latinmode
rn-math.otf,Style=MathScript},{Size=-6,Font=latinmodern-math.otf,Style=MathScri
ptScript}},BoldFont={latinmodern-math.otf},ScaleAgain=0.9999,FontAdjustment={\f
ontdimen
(fontspec)             8\font =0.4pt\relax \fontdimen 9\font =2.0pt\relax
(fontspec)             \fontdimen 10\font =1.67pt\relax \fontdimen 11\font
(fontspec)             =1.11pt\relax \fontdimen 12\font =6.0pt\relax
(fontspec)             \fontdimen 13\font =0pt\relax }].
(fontspec)              
(fontspec)              This font family consists of the following NFSS
(fontspec)             series/shapes:
(fontspec)              
(fontspec)             - 'normal' (m/n) with NFSS spec.:
(fontspec)             <8.5->s*[0.9998964600422715]"[latinmodern-math.otf]/OT:s
cript=math;language=dflt;"<6-8.5>s*[0.9998964600422715]"[latinmodern-math.otf]/
OT:script=math;language=dflt;+ssty=0;"<-6>s*[0.9998964600422715]"[latinmodern-m
ath.otf]/OT:script=math;language=dflt;+ssty=1;"
(fontspec)             - 'small caps'  (m/sc) with NFSS spec.: 
(fontspec)             and font adjustment code:
(fontspec)             \fontdimen 8\font =0.4pt\relax \fontdimen 9\font
(fontspec)             =2.0pt\relax \fontdimen 10\font =1.67pt\relax
(fontspec)             \fontdimen 11\font =1.11pt\relax \fontdimen 12\font
(fontspec)             =6.0pt\relax \fontdimen 13\font =0pt\relax 
(fontspec)             - 'bold' (b/n) with NFSS spec.:
(fontspec)             <->s*[0.9998964600422715]"[latinmodern-math.otf]/OT:scri
pt=math;language=dflt;"
(fontspec)             - 'bold small caps'  (b/sc) with NFSS spec.: 
(fontspec)             and font adjustment code:
(fontspec)             \fontdimen 8\font =0.4pt\relax \fontdimen 9\font
(fontspec)             =2.0pt\relax \fontdimen 10\font =1.67pt\relax
(fontspec)             \fontdimen 11\font =1.11pt\relax \fontdimen 12\font
(fontspec)             =6.0pt\relax \fontdimen 13\font =0pt\relax 

LaTeX Font Info:    Encoding `OMX' has changed to `TU' for symbol font
(Font)              `largesymbols' in the math version `normal' on input line 1
62.
LaTeX Font Info:    Overwriting symbol font `largesymbols' in version `normal'
(Font)                  OMX/lmex/m/n --> TU/latinmodern-math.otf(3)/m/n on inpu
t line 162.
LaTeX Font Info:    Encoding `OMX' has changed to `TU' for symbol font
(Font)              `largesymbols' in the math version `bold' on input line 162
.
LaTeX Font Info:    Overwriting symbol font `largesymbols' in version `bold'
(Font)                  OMX/lmex/m/n --> TU/latinmodern-math.otf(3)/b/n on inpu
t line 162.
LaTeX Info: Redefining \microtypecontext on input line 162.
Package microtype Info: Character protrusion enabled (level 2).
Package microtype Info: Using protrusion set `basicmath'.
Package microtype Info: No adjustment of tracking.
Package microtype Info: No adjustment of spacing.
Package microtype Info: No adjustment of kerning.

(c:/Users/u0118974/AppData/Roaming/TinyTeX/texmf-dist/tex/latex/microtype/mt-La
tinModernRoman.cfg
File: mt-LatinModernRoman.cfg 2021/02/21 v1.1 microtype config. file: Latin Mod
ern Roman (RS)
)
Package hyperref Info: Link coloring OFF on input line 162.

(c:/Users/u0118974/AppData/Roaming/TinyTeX/texmf-dist/tex/latex/hyperref/namere
f.sty
Package: nameref 2021-04-02 v2.47 Cross-referencing by name of section

(c:/Users/u0118974/AppData/Roaming/TinyTeX/texmf-dist/tex/latex/refcount/refcou
nt.sty
Package: refcount 2019/12/15 v3.6 Data extraction from label references (HO)
)
(c:/Users/u0118974/AppData/Roaming/TinyTeX/texmf-dist/tex/generic/gettitlestrin
g/gettitlestring.sty
Package: gettitlestring 2019/12/15 v1.6 Cleanup title references (HO)
)
\c@section@level=\count477
)
LaTeX Info: Redefining \ref on input line 162.
LaTeX Info: Redefining \pageref on input line 162.
LaTeX Info: Redefining \nameref on input line 162.
\@outlinefile=\write5
\openout5 = `phdThesis.out'.


Package hyperref Warning: Rerun to get /PageLabels entry.

Package biblatex Info: Trying to load language 'english' -> 'english-apa'...
Package biblatex Info: ... file 'english-apa.lbx' found.

(c:/Users/u0118974/AppData/Roaming/TinyTeX/texmf-dist/tex/latex/biblatex-apa/en
glish-apa.lbx
File: english-apa.lbx 2020/08/28 v9.14 APA biblatex localisation
Package biblatex Info: Trying to load language 'english'...
Package biblatex Info: ... file 'english.lbx' found.

(c:/Users/u0118974/AppData/Roaming/TinyTeX/texmf-dist/tex/latex/biblatex/lbx/en
glish.lbx
File: english.lbx 2020/12/31 v3.16 biblatex localization (PK/MW)
)
Package biblatex Info: Trying to load language 'american' -> 'american-apa'...
Package biblatex Info: ... file 'american-apa.lbx' found.

(c:/Users/u0118974/AppData/Roaming/TinyTeX/texmf-dist/tex/latex/biblatex-apa/am
erican-apa.lbx
File: american-apa.lbx 2020/08/28 v9.14 APA biblatex localisation
Package biblatex Info: Trying to load language 'american'...
Package biblatex Info: ... file 'american.lbx' found.

(c:/Users/u0118974/AppData/Roaming/TinyTeX/texmf-dist/tex/latex/biblatex/lbx/am
erican.lbx
File: american.lbx 2020/12/31 v3.16 biblatex localization (PK/MW)
Package biblatex Info: Trying to load language 'english'...
Package biblatex Info: ... file 'english.lbx' found.

(c:/Users/u0118974/AppData/Roaming/TinyTeX/texmf-dist/tex/latex/biblatex/lbx/en
glish.lbx
File: english.lbx 2020/12/31 v3.16 biblatex localization (PK/MW)
))))
Package biblatex Info: XeTeX detected.
(biblatex)             Assuming input encoding 'utf8'.
Package biblatex Info: Automatic encoding selection.
(biblatex)             Assuming data encoding 'utf8'.
Package biblatex Info: Document encoding is UTF8 ....
Package biblatex Info: ... and expl3
(biblatex)             2021-06-18 L3 programming layer (loader) 
(biblatex)             is new enough (at least 2020/04/06),
(biblatex)             setting 'casechanger=expl3'.

(c:/Users/u0118974/AppData/Roaming/TinyTeX/texmf-dist/tex/latex/biblatex/blx-ca
se-expl3.sty
Package: blx-case-expl3 2020/12/31 v3.16 expl3 case changing code for biblatex
)
\openout4 = `phdThesis.bcf'.

Package biblatex Info: Trying to load bibliographic data...
Package biblatex Info: ... file 'phdThesis.bbl' not found.
No file phdThesis.bbl.
Package biblatex Info: Reference section=0 on input line 162.
Package biblatex Info: Reference segment=0 on input line 162.
LaTeX Font Info:    Font shape `TU/latinmodern-math.otf(1)/m/n' will be
(Font)              scaled to size 12.0pt on input line 164.
LaTeX Font Info:    Font shape `TU/latinmodern-math.otf(1)/m/n' will be
(Font)              scaled to size 8.0pt on input line 164.
LaTeX Font Info:    Font shape `TU/latinmodern-math.otf(1)/m/n' will be
(Font)              scaled to size 6.0pt on input line 164.
LaTeX Font Info:    Trying to load font information for OML+lmm on input line 1
64.
(c:/Users/u0118974/AppData/Roaming/TinyTeX/texmf-dist/tex/latex/lm/omllmm.fd
File: omllmm.fd 2015/05/01 v1.6.1 Font defs for Latin Modern
)
LaTeX Font Info:    Font shape `TU/latinmodern-math.otf(2)/m/n' will be
(Font)              scaled to size 12.0011pt on input line 164.
LaTeX Font Info:    Font shape `TU/latinmodern-math.otf(2)/m/n' will be
(Font)              scaled to size 8.00073pt on input line 164.
LaTeX Font Info:    Font shape `TU/latinmodern-math.otf(2)/m/n' will be
(Font)              scaled to size 6.00055pt on input line 164.
LaTeX Font Info:    Font shape `TU/latinmodern-math.otf(3)/m/n' will be
(Font)              scaled to size 11.99872pt on input line 164.
LaTeX Font Info:    Font shape `TU/latinmodern-math.otf(3)/m/n' will be
(Font)              scaled to size 7.99915pt on input line 164.
LaTeX Font Info:    Font shape `TU/latinmodern-math.otf(3)/m/n' will be
(Font)              scaled to size 5.99936pt on input line 164.
[1


] [2

]
\tf@toc=\write6
\openout6 = `phdThesis.toc'.

[3] [4

]
LaTeX Font Info:    Font shape `TU/latinmodern-math.otf(1)/m/n' will be
(Font)              scaled to size 7.0pt on input line 179.
LaTeX Font Info:    Font shape `TU/latinmodern-math.otf(1)/m/n' will be
(Font)              scaled to size 5.0pt on input line 179.
LaTeX Font Info:    Font shape `TU/latinmodern-math.otf(2)/m/n' will be
(Font)              scaled to size 10.00092pt on input line 179.
LaTeX Font Info:    Font shape `TU/latinmodern-math.otf(2)/m/n' will be
(Font)              scaled to size 7.00064pt on input line 179.
LaTeX Font Info:    Font shape `TU/latinmodern-math.otf(2)/m/n' will be
(Font)              scaled to size 5.00046pt on input line 179.
LaTeX Font Info:    Font shape `TU/latinmodern-math.otf(3)/m/n' will be
(Font)              scaled to size 9.99893pt on input line 179.
LaTeX Font Info:    Font shape `TU/latinmodern-math.otf(3)/m/n' will be
(Font)              scaled to size 6.99925pt on input line 179.
LaTeX Font Info:    Font shape `TU/latinmodern-math.otf(3)/m/n' will be
(Font)              scaled to size 4.99947pt on input line 179.

LaTeX Warning: Citation 'turney.pantel_2010' on page 5 undefined on input line 
180.


LaTeX Warning: Citation 'lenci_2018' on page 5 undefined on input line 180.


LaTeX Warning: Citation 'heylen.etal_2012' on page 5 undefined on input line 18
2.


LaTeX Warning: Citation 'heylen.etal_2015' on page 5 undefined on input line 18
2.


LaTeX Warning: Citation 'depascale_2019' on page 5 undefined on input line 182.



LaTeX Warning: Citation 'Rtsne2008' on page 5 undefined on input line 203.


LaTeX Warning: Citation 'Rtsne2014' on page 5 undefined on input line 203.

[5]

LaTeX Warning: Citation 'kaufman.rousseeuw_1990' on page 6 undefined on input l
ine 211.


LaTeX Warning: Citation 'R-cluster' on page 6 undefined on input line 211.

[6] [7

] [8

]
Chapter 1.

LaTeX Warning: Reference `comp' on page 9 undefined on input line 254.


LaTeX Warning: Reference `cog' on page 9 undefined on input line 255.


LaTeX Warning: Reference `viz' on page 9 undefined on input line 256.


LaTeX Warning: Reference `nephosem' on page 9 undefined on input line 258.

[9] [10] [11] [12] [13

] [14]
Chapter 2.

LaTeX Warning: Citation 'montes.qlvl_2021' on page 15 undefined on input line 3
55.


LaTeX Warning: Citation 'card.etal_1999' on page 15 undefined on input line 361
.


LaTeX Warning: Reference `workflow' on page 15 undefined on input line 364.


LaTeX Warning: Reference `params' on page 15 undefined on input line 367.


LaTeX Warning: Reference `nephovis' on page 15 undefined on input line 369.


LaTeX Warning: Citation 'montes.heylen_Submitted' on page 15 undefined on input
 line 369.


LaTeX Warning: Reference `hdbscan' on page 15 undefined on input line 370.


LaTeX Warning: Reference `ann' on page 15 undefined on input line 372.

[15

] [16]
Chapter 3.

LaTeX Warning: Reference `vector-creation' on page 17 undefined on input line 3
84.


LaTeX Warning: Citation 'BERT' on page 17 undefined on input line 385.


LaTeX Warning: Citation 'devries.etal_2019' on page 17 undefined on input line 
385.


LaTeX Warning: Reference `dim-reduction' on page 17 undefined on input line 390
.


LaTeX Warning: Reference `hdbscan' on page 17 undefined on input line 394.


LaTeX Warning: Citation 'harris_1954' on page 17 undefined on input line 399.


LaTeX Warning: Citation 'firth_1957a' on page 17 undefined on input line 399.


LaTeX Warning: Citation 'jurafsky.martin_2020' on page 17 undefined on input li
ne 400.


LaTeX Warning: Citation 'lenci_2018' on page 17 undefined on input line 400.


LaTeX Warning: Citation 'sahlgren_2006' on page 17 undefined on input line 400.


[17

]

LaTeX Warning: Citation 'firth_1957a' on page 18 undefined on input line 402.


LaTeX Warning: Citation 'sinclair_1991' on page 18 undefined on input line 402.



LaTeX Warning: Citation 'stubbs_1995' on page 18 undefined on input line 402.


LaTeX Warning: Citation 'church.hanks_1989' on page 18 undefined on input line 
404.


LaTeX Warning: Citation 'stubbs_1995' on page 18 undefined on input line 404.


LaTeX Warning: Citation 'mcenery.etal_2010' on page 18 undefined on input line 
404.


LaTeX Warning: Citation 'gablasova.etal_2017' on page 18 undefined on input lin
e 404.


LaTeX Warning: Citation 'gablasova.etal_2017' on page 18 undefined on input lin
e 405.


LaTeX Warning: Citation 'stefanowitsch_2010' on page 18 undefined on input line
 413.


LaTeX Warning: Citation 'church.hanks_1989' on page 18 undefined on input line 
413.


LaTeX Warning: Reference `tab:vec1' on page 18 undefined on input line 413.


Package fontspec Info: Arial scale = 0.8311536146592658.


Package fontspec Info: Arial scale = 0.8311536146592658.


Package fontspec Info: Arial scale = 0.8311536146592658.


Package fontspec Info: Arial/B scale = 0.8311536146592658.


Package fontspec Info: Arial/B scale = 0.8311536146592658.


Package fontspec Info: Arial/I scale = 0.8311536146592658.


Package fontspec Info: Arial/I scale = 0.8311536146592658.


Package fontspec Info: Arial/BI scale = 0.8311536146592658.


Package fontspec Info: Arial/BI scale = 0.8311536146592658.


Package fontspec Info: Font family 'Arial(0)' created for font 'Arial' with
(fontspec)             options [Scale=MatchLowercase,Ligatures=TeX,Scale=1].
(fontspec)              
(fontspec)              This font family consists of the following NFSS
(fontspec)             series/shapes:
(fontspec)              
(fontspec)             - 'normal' (m/n) with NFSS spec.:
(fontspec)             <->s*[1]"Arial/OT:script=latn;language=dflt;mapping=tex-
text;"
(fontspec)             - 'small caps'  (m/sc) with NFSS spec.:
(fontspec)             <->s*[1]"Arial/OT:script=latn;language=dflt;+smcp;mappin
g=tex-text;"
(fontspec)             - 'bold' (b/n) with NFSS spec.:
(fontspec)             <->s*[1]"Arial/B/OT:script=latn;language=dflt;mapping=te
x-text;"
(fontspec)             - 'bold small caps'  (b/sc) with NFSS spec.:
(fontspec)             <->s*[1]"Arial/B/OT:script=latn;language=dflt;+smcp;mapp
ing=tex-text;"
(fontspec)             - 'italic' (m/it) with NFSS spec.:
(fontspec)             <->s*[1]"Arial/I/OT:script=latn;language=dflt;mapping=te
x-text;"
(fontspec)             - 'italic small caps'  (m/scit) with NFSS spec.:
(fontspec)             <->s*[1]"Arial/I/OT:script=latn;language=dflt;+smcp;mapp
ing=tex-text;"
(fontspec)             - 'bold italic' (b/it) with NFSS spec.:
(fontspec)             <->s*[1]"Arial/BI/OT:script=latn;language=dflt;mapping=t
ex-text;"
(fontspec)             - 'bold italic small caps'  (b/scit) with NFSS spec.:
(fontspec)             <->s*[1]"Arial/BI/OT:script=latn;language=dflt;+smcp;map
ping=tex-text;"

LaTeX Font Info:    Font shape `TU/Arial(0)/m/n' will be
(Font)              scaled to size 11.0pt on input line 427.

Package fontspec Info: Arial scale = 0.9999973249515148.


Package fontspec Info: Arial scale = 0.9999973249515148.


Package fontspec Info: Arial scale = 0.9999973249515148.


Package fontspec Info: Arial/B scale = 0.9999973249515148.


Package fontspec Info: Arial/B scale = 0.9999973249515148.


Package fontspec Info: Arial/I scale = 0.9999973249515148.


Package fontspec Info: Arial/I scale = 0.9999973249515148.


Package fontspec Info: Arial/BI scale = 0.9999973249515148.


Package fontspec Info: Arial/BI scale = 0.9999973249515148.


Package fontspec Info: Font family 'Arial(1)' created for font 'Arial' with
(fontspec)             options [Scale=MatchLowercase].
(fontspec)              
(fontspec)              This font family consists of the following NFSS
(fontspec)             series/shapes:
(fontspec)              
(fontspec)             - 'normal' (m/n) with NFSS spec.:
(fontspec)             <->s*[0.9999973249515148]"Arial/OT:script=latn;language=
dflt;"
(fontspec)             - 'small caps'  (m/sc) with NFSS spec.:
(fontspec)             <->s*[0.9999973249515148]"Arial/OT:script=latn;language=
dflt;+smcp;"
(fontspec)             - 'bold' (b/n) with NFSS spec.:
(fontspec)             <->s*[0.9999973249515148]"Arial/B/OT:script=latn;languag
e=dflt;"
(fontspec)             - 'bold small caps'  (b/sc) with NFSS spec.:
(fontspec)             <->s*[0.9999973249515148]"Arial/B/OT:script=latn;languag
e=dflt;+smcp;"
(fontspec)             - 'italic' (m/it) with NFSS spec.:
(fontspec)             <->s*[0.9999973249515148]"Arial/I/OT:script=latn;languag
e=dflt;"
(fontspec)             - 'italic small caps'  (m/scit) with NFSS spec.:
(fontspec)             <->s*[0.9999973249515148]"Arial/I/OT:script=latn;languag
e=dflt;+smcp;"
(fontspec)             - 'bold italic' (b/it) with NFSS spec.:
(fontspec)             <->s*[0.9999973249515148]"Arial/BI/OT:script=latn;langua
ge=dflt;"
(fontspec)             - 'bold italic small caps'  (b/scit) with NFSS spec.:
(fontspec)             <->s*[0.9999973249515148]"Arial/BI/OT:script=latn;langua
ge=dflt;+smcp;"

LaTeX Font Info:    Overwriting math alphabet `\mathrm' in version `normal'
(Font)                  TU/lmr/m/n --> TU/Arial(1)/m/n on input line 427.
LaTeX Font Info:    Overwriting math alphabet `\mathit' in version `normal'
(Font)                  TU/lmr/m/it --> TU/Arial(1)/m/it on input line 427.
LaTeX Font Info:    Overwriting math alphabet `\mathbf' in version `normal'
(Font)                  TU/lmr/bx/n --> TU/Arial(1)/b/n on input line 427.

Package fontspec Info: Arial scale = 0.8311536146592658.


Package fontspec Info: Arial scale = 0.8311536146592658.


Package fontspec Info: Arial scale = 0.8311536146592658.


Package fontspec Info: Arial scale = 0.8311536146592658.


Package fontspec Info: Arial scale = 0.8311536146592658.


Package fontspec Info: Arial scale = 0.8311536146592658.


Overfull \hbox (62.4175pt too wide) in alignment at lines 421--431
 [] [] [] [] [] [] [] 
 []


Package fontspec Info: Arial scale = 0.8311536146592658.


Package fontspec Info: Arial scale = 0.8311536146592658.


Package fontspec Info: Arial scale = 0.8311536146592658.


Package fontspec Info: Arial scale = 0.8311536146592658.


Package fontspec Info: Arial scale = 0.8311536146592658.


Package fontspec Info: Arial scale = 0.8311536146592658.


Package fontspec Info: Arial scale = 0.8311536146592658.


Overfull \hbox (62.4175pt too wide) in alignment at lines 431--437
 [] [] [] [] [] [] [] 
 []


Package fontspec Info: Arial scale = 0.8311536146592658.


Overfull \hbox (74.4175pt too wide) in alignment at lines 437--443
 [] [] [] [] [] [] [] 
 []


Package fontspec Info: Arial scale = 0.8311536146592658.


Overfull \hbox (2.6559pt too wide) in paragraph at lines 447--447
[]|[]\TU/Arial(0)/m/n/11 linguistics/n[]|  
 []


Package fontspec Info: Arial scale = 0.8311536146592658.


Package fontspec Info: Arial scale = 0.8311536146592658.


Package fontspec Info: Arial scale = 0.8311536146592658.


Package fontspec Info: Arial scale = 0.8311536146592658.


Package fontspec Info: Arial scale = 0.8311536146592658.


Package fontspec Info: Arial scale = 0.8311536146592658.


Package fontspec Info: Arial scale = 0.8311536146592658.


Overfull \hbox (16.72816pt too wide) in paragraph at lines 453--453
[]|[]\TU/Arial(0)/m/n/11 lexicography/n[]|  
 []


Package fontspec Info: Arial scale = 0.8311536146592658.


Package fontspec Info: Arial scale = 0.8311536146592658.


Package fontspec Info: Arial scale = 0.8311536146592658.


Package fontspec Info: Arial scale = 0.8311536146592658.


Package fontspec Info: Arial scale = 0.8311536146592658.


Package fontspec Info: Arial scale = 0.8311536146592658.


Package fontspec Info: Arial scale = 0.8311536146592658.


Overfull \hbox (19.78432pt too wide) in paragraph at lines 459--459
[]|[]\TU/Arial(0)/m/n/11 computational/j[]|  
 []


Package fontspec Info: Arial scale = 0.8311536146592658.


Package fontspec Info: Arial scale = 0.8311536146592658.


Package fontspec Info: Arial scale = 0.8311536146592658.


Package fontspec Info: Arial scale = 0.8311536146592658.


Package fontspec Info: Arial scale = 0.8311536146592658.


Package fontspec Info: Arial scale = 0.8311536146592658.


Package fontspec Info: Arial scale = 0.8311536146592658.


Package fontspec Info: Arial scale = 0.8311536146592658.


Package fontspec Info: Arial scale = 0.8311536146592658.


Package fontspec Info: Arial scale = 0.8311536146592658.


Package fontspec Info: Arial scale = 0.8311536146592658.


Package fontspec Info: Arial scale = 0.8311536146592658.


Package fontspec Info: Arial scale = 0.8311536146592658.


Package fontspec Info: Arial scale = 0.8311536146592658.


Overfull \hbox (2.05971pt too wide) in paragraph at lines 471--471
[]|[]\TU/Arial(0)/m/n/11 chocolate/n[]|  
 []


Package fontspec Info: Arial scale = 0.8311536146592658.


Package fontspec Info: Arial scale = 0.8311536146592658.


Package fontspec Info: Arial scale = 0.8311536146592658.


Package fontspec Info: Arial scale = 0.8311536146592658.


Package fontspec Info: Arial scale = 0.8311536146592658.


Package fontspec Info: Arial scale = 0.8311536146592658.


Overfull \hbox (74.4175pt too wide) in alignment at lines 443--475
 [] [] [] [] [] [] [] 
 []


Package longtable Warning: Column widths have changed
(longtable)                in table 3.1 on input line 475.

[18]

LaTeX Warning: Reference `params' on page 19 undefined on input line 477.


LaTeX Warning: Citation 'bolognesi_2020' on page 19 undefined on input line 477
.


LaTeX Warning: Reference `tab:vec1' on page 19 undefined on input line 479.


LaTeX Warning: Citation 'schutze_1998' on page 19 undefined on input line 494.


LaTeX Warning: Citation 'heylen.etal_2015' on page 19 undefined on input line 4
94.


LaTeX Warning: Citation 'depascale_2019' on page 19 undefined on input line 494
.


LaTeX Warning: Reference `tab:vec1' on page 19 undefined on input line 496.

[19]

LaTeX Warning: Reference `hdbscan' on page 20 undefined on input line 498.


LaTeX Warning: Reference `dim-reduction' on page 20 undefined on input line 498
.


LaTeX Warning: Citation 'bolognesi_2020' on page 20 undefined on input line 500
.


LaTeX Warning: Reference `params' on page 20 undefined on input line 500.


LaTeX Warning: Citation 'vandecruys_2008' on page 20 undefined on input line 50
7.


LaTeX Warning: Citation 'depascale_2019' on page 20 undefined on input line 509
.


LaTeX Warning: Reference `params' on page 20 undefined on input line 509.


LaTeX Warning: Citation 'jurafsky.martin_2020' on page 20 undefined on input li
ne 511.


LaTeX Warning: Citation 'bolognesi_2020' on page 20 undefined on input line 511
.


LaTeX Warning: Citation 'R-vegan' on page 20 undefined on input line 520.


LaTeX Warning: Citation 'hilpert.correiasaavedra_2017' on page 20 undefined on 
input line 521.


LaTeX Warning: Citation 'hilpert.flach_2020' on page 20 undefined on input line
 521.


LaTeX Warning: Citation 'koptjevskaja-tamm.sahlgren_2014' on page 20 undefined 
on input line 521.


LaTeX Warning: Citation 'heylen.etal_2015' on page 20 undefined on input line 5
22.


LaTeX Warning: Citation 'heylen.etal_2012' on page 20 undefined on input line 5
22.


LaTeX Warning: Citation 'depascale_2019' on page 20 undefined on input line 522
.


LaTeX Warning: Citation 'perek_2016' on page 20 undefined on input line 522.


Underfull \hbox (badness 10000) in paragraph at lines 518--523
[]\TU/lmr/m/n/10 ; []) and non-
 []


Underfull \hbox (badness 1320) in paragraph at lines 518--523
\TU/lmr/m/n/10 metric MDS ([]; []; [];
 []

[20]

LaTeX Warning: Citation 'Rtsne2008' on page 21 undefined on input line 524.


LaTeX Warning: Citation 'Rtsne2014' on page 21 undefined on input line 524.


LaTeX Warning: Citation 'depascale_2019' on page 21 undefined on input line 524
.


LaTeX Warning: Citation 'perek_2018' on page 21 undefined on input line 524.


LaTeX Warning: Citation 'smilkov.etal_2016' on page 21 undefined on input line 
525.


LaTeX Warning: Citation 'jurafsky.martin_2020' on page 21 undefined on input li
ne 525.


LaTeX Warning: Citation 'R-Rtsne' on page 21 undefined on input line 525.


Underfull \hbox (badness 6173) in paragraph at lines 524--527
\TU/lmr/m/n/10 It is also popular in computational linguistics ([];
 []


Underfull \hbox (badness 1009) in paragraph at lines 524--527
[]\TU/lmr/m/n/10 ); in R, it can be implemented with the \TU/lmtt/m/n/10 Rtsne
 []


LaTeX Warning: Citation 'oskolkov_2021' on page 21 undefined on input line 528.



LaTeX Warning: Citation 'mcinnes.etal_2020' on page 21 undefined on input line 
528.


LaTeX Warning: Citation 'R-umap' on page 21 undefined on input line 528.


LaTeX Warning: Citation 'card.etal_1999' on page 21 undefined on input line 530
.


LaTeX Warning: Citation 'wielfaert.etal_2019' on page 21 undefined on input lin
e 530.

[21] [22]
Chapter 4.

LaTeX Warning: Citation 'kiela.clark_2014' on page 23 undefined on input line 5
48.


LaTeX Warning: Citation 'jurafsky.martin_2020' on page 23 undefined on input li
ne 550.


LaTeX Warning: Citation 'kiela.clark_2014' on page 23 undefined on input line 5
50.


LaTeX Warning: Citation 'kiela.clark_2014' on page 23 undefined on input line 5
52.


LaTeX Warning: Citation 'depascale_2019' on page 23 undefined on input line 552
.


LaTeX Warning: Citation 'vandecruys_2008' on page 23 undefined on input line 55
2.


Overfull \hbox (14.39891pt too wide) in paragraph at lines 552--554
[]\TU/lmr/m/n/10 PPMI values ([]; [])  []
 []

[23

]

LaTeX Warning: Reference `dim-reduction' on page 24 undefined on input line 583
.


LaTeX Warning: Citation 'kiela.clark_2014' on page 24 undefined on input line 5
96.

[24]
LaTeX Font Info:    Font shape `TU/lmtt/bx/n' in size <10> not available
(Font)              Font shape `TU/lmtt/b/n' tried instead on input line 612.
[25]

LaTeX Warning: Citation 'vandecruys_2008' on page 26 undefined on input line 66
9.


LaTeX Warning: Citation 'kiela.clark_2014' on page 26 undefined on input line 7
04.

[26]

LaTeX Warning: Reference `tab:lemmareltable' on page 27 undefined on input line
 712.


Package fontspec Info: Arial scale = 0.8311536146592658.


Package fontspec Info: Arial scale = 0.8311536146592658.


Package fontspec Info: Arial scale = 0.8311536146592658.


Package fontspec Info: Arial scale = 0.8311536146592658.


Overfull \hbox (2808.24094pt too wide) in alignment at lines 721--731
 [] [] [] [] 
 []


Package fontspec Info: Arial scale = 0.8311536146592658.


Package fontspec Info: Arial scale = 0.8311536146592658.


Package fontspec Info: Arial scale = 0.8311536146592658.


Package fontspec Info: Arial scale = 0.8311536146592658.


Overfull \hbox (2808.24094pt too wide) in alignment at lines 731--737
 [] [] [] [] 
 []


Package fontspec Info: Arial scale = 0.8311536146592658.


Package fontspec Info: Arial scale = 0.8311536146592658.


Package fontspec Info: Arial scale = 0.8311536146592658.


Package fontspec Info: Arial scale = 0.8311536146592658.


Package fontspec Info: Arial scale = 0.8311536146592658.


Package fontspec Info: Arial scale = 0.8311536146592658.


Package fontspec Info: Arial scale = 0.8311536146592658.


Package fontspec Info: Arial scale = 0.8311536146592658.


Package fontspec Info: Arial scale = 0.8311536146592658.


Package fontspec Info: Arial scale = 0.8311536146592658.


Package fontspec Info: Arial scale = 0.8311536146592658.


Package fontspec Info: Arial scale = 0.8311536146592658.


Overfull \hbox (2808.24094pt too wide) in alignment at lines 737--757
 [] [] [] [] 
 []

[27]

LaTeX Warning: Citation 'kiela.clark_2014' on page 28 undefined on input line 7
83.

[28]

LaTeX Warning: Citation 'levshina_2015' on page 29 undefined on input line 806.


[29] [30

]
Chapter 5.

LaTeX Warning: Citation 'montes.qlvl_2021' on page 31 undefined on input line 8
45.


LaTeX Warning: Citation 'wielfaert.etal_2019' on page 31 undefined on input lin
e 856.


LaTeX Warning: Reference `nephowf' on page 31 undefined on input line 867.


LaTeX Warning: Citation 'montes.heylen_Submitted' on page 31 undefined on input
 line 868.


LaTeX Warning: Reference `wishlist' on page 31 undefined on input line 869.

[31]

LaTeX Warning: Citation 'shneiderman_1996' on page 32 undefined on input line 8
99.

[32] [33] [34]
Chapter 6.

LaTeX Warning: Citation 'campello.etal_2013' on page 35 undefined on input line
 943.


LaTeX Warning: Citation 'mcinnes.etal_2016' on page 35 undefined on input line 
944.

[35

]

LaTeX Warning: Citation 'R-dbscan' on page 36 undefined on input line 961.

[36]
Chapter 7.

LaTeX Warning: Reference `selection' on page 37 undefined on input line 995.


LaTeX Warning: Citation 'depascale_2019' on page 37 undefined on input line 995
.


LaTeX Warning: Reference `annotation' on page 37 undefined on input line 995.


LaTeX Warning: Reference `nouns' on page 37 undefined on input line 1001.


LaTeX Warning: Reference `adjs' on page 37 undefined on input line 1001.


LaTeX Warning: Reference `verbs' on page 37 undefined on input line 1001.

[37

] [38]
Underfull \hbox (badness 1087) in paragraph at lines 1044--1048
\TU/lmr/m/it/10 geldig \TU/lmr/m/n/10 valid, \TU/lmr/m/it/10 hemels \TU/lmr/m
/n/10 heavenly and \TU/lmr/m/it/10 gemeen \TU/lmr/m/n/10 shared/public/mean/
serious.
 []

[39] [40] [41]
Overfull \hbox (2.65343pt too wide) in paragraph at lines 1125--1128
[]\TU/lmr/bx/n/10 Metaphor will be easier to identify than metonymy/specializat
ion
 []

[42] [43]

LaTeX Warning: Citation 'depascale_2019' on page 44 undefined on input line 122
8.

[44] [45] [46] [47] [48

] [49] [50]
Chapter 8.

LaTeX Warning: Citation 'bolognesi_2020' on page 51 undefined on input line 130
5.

[51

]

LaTeX Warning: Citation 'sahlgren_2006' on page 52 undefined on input line 1315
.

[52]
Chapter 9.

LaTeX Warning: Reference `infotypes' on page 53 undefined on input line 1336.


LaTeX Warning: Reference `collocation' on page 53 undefined on input line 1336.



LaTeX Warning: Reference `openchoice' on page 53 undefined on input line 1336.


LaTeX Warning: Reference `summary' on page 53 undefined on input line 1336.


LaTeX Warning: Reference `tab:colsem' on page 53 undefined on input line 1341.


LaTeX Warning: Reference `collocationally' on page 53 undefined on input line 1
341.


LaTeX Warning: Reference `semantically' on page 53 undefined on input line 1341
.


Underfull \vbox (badness 2027) has occurred while \output is active []

[53

]
! Extra alignment tab has been changed to \cr.
<template> ...elax \relax \d@llarend \endtemplate 
                                                  
l.1359 \end{tabu}
                  
Here is how much of TeX's memory you used:
 26711 strings out of 478451
 496757 string characters out of 5856875
 1505204 words of memory out of 5000000
 46665 multiletter control sequences out of 15000+600000
 407659 words of font info for 88 fonts, out of 8000000 for 9000
 14 hyphenation exceptions out of 8191
 87i,15n,128p,1614b,4823s stack positions out of 5000i,500n,10000p,200000b,80000s

Output written on phdThesis.pdf (53 pages).
